
T1CC0 395:895 SEGGER J-Link V4.84c Log File (0000ms, 0305ms total)
T1CC0 395:895 DLL Compiled: Apr 16 2014 18:53:07 (0000ms, 0305ms total)
T1CC0 395:895 Logging started @ 2020-02-17 08:17 (0000ms, 0305ms total)
T1CC0 395:922 JLINK_ExecCommand("Device = AT91SAM3S1B", ...)Device "ATSAM3S1B" selected (64 KB flash, 16 KB RAM).  returns 0x00 (0001ms, 0306ms total)
T1CC0 395:990 JLINK_ExecCommand("ProjectFile = D:\Modulo_IO\Modulo_IO\Modulo_IO\jlink.config", ...)  returns 0x00 (0000ms, 0306ms total)
T1CC0 396:018 JLINK_ExecCommand("Device = AT91SAM3S1B", ...)Device "ATSAM3S1B" selected (64 KB flash, 16 KB RAM).  returns 0x00 (0000ms, 0306ms total)
T1CC0 396:018 JLINK_TIF_Select(JLINKARM_TIF_JTAG)  returns 0x00 (0007ms, 0313ms total)
T1CC0 396:025 JLINK_GetIdData(...) >0x2F8 JTAG>TotalIRLen = ?, IRPrint = 0x..000000000000000000000000 >0x30 JTAG> (0005ms, 0318ms total)
T1CC0 396:030 JLINK_ConfigJTAG(IRPre = 0, DRPre = 0) (0000ms, 0318ms total)
T1CC0 396:030 JLINK_SetSpeed(1000) (0001ms, 0319ms total)
T1CC0 396:031 JLINK_ResetPullsRESET(OFF) (0000ms, 0319ms total)
T1CC0 396:031 JLINK_Connect() >0x2F8 JTAG>TotalIRLen = ?, IRPrint = 0x..000000000000000000000000 >0x30 JTAG>  returns 0x01 (0005ms, 0324ms total)
T1CC0 396:082 JLINK_GetHWStatus(...)  returns 0x00 (0002ms, 0326ms total)
T1CC0 499:180 JLINK_ExecCommand("ProjectFile = D:\Modulo_IO\Modulo_IO\Modulo_IO\jlink.config", ...)  returns 0x00 (0001ms, 0327ms total)
T1CC0 499:210 JLINK_ExecCommand("Device = AT91SAM3S1B", ...)Device "ATSAM3S1B" selected (64 KB flash, 16 KB RAM).  returns 0x00 (0000ms, 0327ms total)
T1CC0 499:257 JLINK_ExecCommand("ProjectFile = D:\Modulo_IO\Modulo_IO\Modulo_IO\jlink.config", ...)  returns 0x00 (0000ms, 0327ms total)
T1CC0 499:285 JLINK_ExecCommand("Device = AT91SAM3S1B", ...)Device "ATSAM3S1B" selected (64 KB flash, 16 KB RAM).  returns 0x00 (0000ms, 0327ms total)
T1CC0 499:285 JLINK_TIF_Select(JLINKARM_TIF_JTAG)  returns 0x00 (0000ms, 0327ms total)
T1CC0 499:285 JLINK_GetIdData(...) >0x2F8 JTAG>TotalIRLen = ?, IRPrint = 0x..000000000000000000000001 >0x30 JTAG> (0006ms, 0333ms total)
T1CC0 499:291 JLINK_ConfigJTAG(IRPre = 0, DRPre = 0) (0000ms, 0333ms total)
T1CC0 499:291 JLINK_SetSpeed(1000) (0001ms, 0334ms total)
T1CC0 499:292 JLINK_ResetPullsRESET(OFF) (0000ms, 0334ms total)
T1CC0 499:292 JLINK_Connect() >0x2F8 JTAG>TotalIRLen = ?, IRPrint = 0x..000000000000000000000001 >0x30 JTAG>  returns 0x01 (0005ms, 0339ms total)
T1CC0 499:302 JLINK_GetHWStatus(...)  returns 0x00 (0001ms, 0340ms total)
T1CC0 512:786 JLINK_ExecCommand("ProjectFile = D:\Modulo_IO\Modulo_IO\Modulo_IO\jlink.config", ...)  returns 0x00 (0000ms, 0340ms total)
T1CC0 512:815 JLINK_ExecCommand("Device = AT91SAM3S1B", ...)Device "ATSAM3S1B" selected (64 KB flash, 16 KB RAM).  returns 0x00 (0000ms, 0340ms total)
T1CC0 512:861 JLINK_ExecCommand("ProjectFile = D:\Modulo_IO\Modulo_IO\Modulo_IO\jlink.config", ...)  returns 0x00 (0000ms, 0340ms total)
T1CC0 512:889 JLINK_ExecCommand("Device = AT91SAM3S1B", ...)Device "ATSAM3S1B" selected (64 KB flash, 16 KB RAM).  returns 0x00 (0000ms, 0340ms total)
T1CC0 512:889 JLINK_TIF_Select(JLINKARM_TIF_JTAG)  returns 0x00 (0000ms, 0340ms total)
T1CC0 512:889 JLINK_GetIdData(...) >0x2F8 JTAG>TotalIRLen = 4, IRPrint = 0x01 >0x30 JTAG> >0x210 JTAG> >0x70 JTAG> >0x40 JTAG> >0x40 JTAG> >0x40 JTAG> >0x48 JTAG> >0x78 JTAG> >0x40 JTAG> >0x30 JTAG> >0x40 JTAG> >0x40 JTAG> >0x30 JTAG> >0x40 JTAG> >0x48 JTAG>Found Cortex-M3 r2p0, Little endian. -- CPU_WriteMem(4 bytes @ 0xE0002000) -- CPU_ReadMem(4 bytes @ 0xE000EDF0) -- CPU_WriteMem(4 bytes @ 0xE000EDF0) -- CPU_ReadMem(4 bytes @ 0xE0002000)FPUnit: 6 code (BP) slots and 2 literal slots
 -- CPU_ReadMem(4 bytes @ 0xE000EDFC) -- CPU_WriteMem(4 bytes @ 0xE000EDFC) -- CPU_ReadMem(4 bytes @ 0xE0001000) -- CPU_WriteMem(4 bytes @ 0xE0001000) -- CPU_ReadMem(4 bytes @ 0xE00FF010)TPIU fitted. -- CPU_ReadMem(4 bytes @ 0xE00FF014) -- CPU_ReadMem(4 bytes @ 0xE00FF018) ScanLen=4 NumDevices=1 aId[0]=0x4BA00477 aIrRead[0]=0 aScanLen[0]=0 aScanRead[0]=0 (0051ms, 0391ms total)
T1CC0 512:940 JLINK_ConfigJTAG(IRPre = 0, DRPre = 0) (0000ms, 0391ms total)
T1CC0 512:940 JLINK_SetSpeed(1000) (0000ms, 0391ms total)
T1CC0 512:940 JLINK_ResetPullsRESET(OFF) (0000ms, 0391ms total)
T1CC0 512:940 JLINK_Connect() >0x2F8 JTAG>TotalIRLen = 4, IRPrint = 0x01 >0x30 JTAG> >0x210 JTAG> >0x70 JTAG> >0x40 JTAG> >0x40 JTAG> >0x40 JTAG> >0x48 JTAG> >0x78 JTAG> >0x40 JTAG> >0x30 JTAG> >0x40 JTAG> >0x40 JTAG> >0x30 JTAG> >0x40 JTAG> >0x48 JTAG>Found Cortex-M3 r2p0, Little endian. -- CPU_WriteMem(4 bytes @ 0xE0002000) -- CPU_ReadMem(4 bytes @ 0xE000EDF0) -- CPU_ReadMem(4 bytes @ 0xE0002000)FPUnit: 6 code (BP) slots and 2 literal slots -- CPU_ReadMem(4 bytes @ 0xE000EDFC)
 -- CPU_ReadMem(4 bytes @ 0xE0001000) -- CPU_WriteMem(4 bytes @ 0xE0001000) -- CPU_ReadMem(4 bytes @ 0xE00FF010)TPIU fitted. -- CPU_ReadMem(4 bytes @ 0xE00FF014) -- CPU_ReadMem(4 bytes @ 0xE00FF018)  returns 0x00 (0034ms, 0425ms total)
T1CC0 512:974 JLINK_GetDebugInfo(0x100) -- Value=0xE00FF003  returns 0x00 (0000ms, 0425ms total)
T1CC0 512:974 JLINK_ReadMem (0xE00FFFF0, 0x0010 Bytes, ...) -- CPU is running -- CPU_ReadMem(16 bytes @ 0xE00FFFF0) -- Data:  0D 00 00 00 10 00 00 00 05 00 00 00 B1 00 00 00  returns 0x00 (0003ms, 0428ms total)
T1CC0 512:977 JLINK_ReadMem (0xE00FFFD0, 0x0020 Bytes, ...) -- CPU is running -- CPU_ReadMem(32 bytes @ 0xE00FFFD0) -- Data:  00 00 00 00 00 00 00 00 00 00 00 00 00 00 00 00 ...  returns 0x00 (0002ms, 0430ms total)
T1CC0 512:979 JLINK_ReadMemU32(0xE00FF000, 0x0001 Items, ...) -- CPU is running -- CPU_ReadMem(4 bytes @ 0xE00FF000) -- Data:  03 F0 F0 FF  returns 0x01 (0001ms, 0431ms total)
T1CC0 512:980 JLINK_ReadMem (0xE000EFF0, 0x0010 Bytes, ...) -- CPU is running -- CPU_ReadMem(16 bytes @ 0xE000EFF0) -- Data:  0D 00 00 00 E0 00 00 00 05 00 00 00 B1 00 00 00  returns 0x00 (0002ms, 0433ms total)
T1CC0 512:982 JLINK_ReadMem (0xE000EFD0, 0x0020 Bytes, ...) -- CPU is running -- CPU_ReadMem(32 bytes @ 0xE000EFD0) -- Data:  04 00 00 00 00 00 00 00 00 00 00 00 00 00 00 00 ...  returns 0x00 (0002ms, 0435ms total)
T1CC0 512:984 JLINK_ReadMemU32(0xE00FF004, 0x0001 Items, ...) -- CPU is running -- CPU_ReadMem(4 bytes @ 0xE00FF004) -- Data:  03 20 F0 FF  returns 0x01 (0001ms, 0436ms total)
T1CC0 512:985 JLINK_ReadMem (0xE0001FF0, 0x0010 Bytes, ...) -- CPU is running -- CPU_ReadMem(16 bytes @ 0xE0001FF0) -- Data:  0D 00 00 00 E0 00 00 00 05 00 00 00 B1 00 00 00  returns 0x00 (0002ms, 0438ms total)
T1CC0 512:987 JLINK_ReadMem (0xE0001FD0, 0x0020 Bytes, ...) -- CPU is running -- CPU_ReadMem(32 bytes @ 0xE0001FD0) -- Data:  04 00 00 00 00 00 00 00 00 00 00 00 00 00 00 00 ...  returns 0x00 (0002ms, 0440ms total)
T1CC0 512:989 JLINK_ReadMemU32(0xE00FF008, 0x0001 Items, ...) -- CPU is running -- CPU_ReadMem(4 bytes @ 0xE00FF008) -- Data:  03 30 F0 FF  returns 0x01 (0001ms, 0441ms total)
T1CC0 512:990 JLINK_ReadMem (0xE0002FF0, 0x0010 Bytes, ...) -- CPU is running -- CPU_ReadMem(16 bytes @ 0xE0002FF0) -- Data:  0D 00 00 00 E0 00 00 00 05 00 00 00 B1 00 00 00  returns 0x00 (0002ms, 0443ms total)
T1CC0 512:992 JLINK_ReadMem (0xE0002FD0, 0x0020 Bytes, ...) -- CPU is running -- CPU_ReadMem(32 bytes @ 0xE0002FD0) -- Data:  04 00 00 00 00 00 00 00 00 00 00 00 00 00 00 00 ...  returns 0x00 (0002ms, 0445ms total)
T1CC0 512:994 JLINK_ReadMemU32(0xE00FF00C, 0x0001 Items, ...) -- CPU is running -- CPU_ReadMem(4 bytes @ 0xE00FF00C) -- Data:  03 10 F0 FF  returns 0x01 (0002ms, 0447ms total)
T1CC0 512:996 JLINK_ReadMem (0xE0000FF0, 0x0010 Bytes, ...) -- CPU is running -- CPU_ReadMem(16 bytes @ 0xE0000FF0) -- Data:  0D 00 00 00 E0 00 00 00 05 00 00 00 B1 00 00 00  returns 0x00 (0002ms, 0449ms total)
T1CC0 512:998 JLINK_ReadMem (0xE0000FD0, 0x0020 Bytes, ...) -- CPU is running -- CPU_ReadMem(32 bytes @ 0xE0000FD0) -- Data:  04 00 00 00 00 00 00 00 00 00 00 00 00 00 00 00 ...  returns 0x00 (0002ms, 0451ms total)
T1CC0 513:000 JLINK_ReadMemU32(0xE00FF010, 0x0001 Items, ...) -- CPU is running -- CPU_ReadMem(4 bytes @ 0xE00FF010) -- Data:  03 10 F4 FF  returns 0x01 (0001ms, 0452ms total)
T1CC0 513:001 JLINK_ReadMem (0xE0040FF0, 0x0010 Bytes, ...) -- CPU is running -- CPU_ReadMem(16 bytes @ 0xE0040FF0) -- Data:  0D 00 00 00 90 00 00 00 05 00 00 00 B1 00 00 00  returns 0x00 (0002ms, 0454ms total)
T1CC0 513:003 JLINK_ReadMem (0xE0040FD0, 0x0020 Bytes, ...) -- CPU is running -- CPU_ReadMem(32 bytes @ 0xE0040FD0) -- Data:  04 00 00 00 00 00 00 00 00 00 00 00 00 00 00 00 ...  returns 0x00 (0002ms, 0456ms total)
T1CC0 513:005 JLINK_ReadMemU32(0xE00FF014, 0x0001 Items, ...) -- CPU is running -- CPU_ReadMem(4 bytes @ 0xE00FF014) -- Data:  02 20 F4 FF  returns 0x01 (0002ms, 0458ms total)
T1CC0 513:007 JLINK_ReadMemU32(0xE00FF018, 0x0001 Items, ...) -- CPU is running -- CPU_ReadMem(4 bytes @ 0xE00FF018) -- Data:  00 00 00 00  returns 0x01 (0001ms, 0459ms total)
T1CC0 513:008 JLINK_ReadMem (0xE0001000, 0x0004 Bytes, ...) -- CPU is running -- CPU_ReadMem(4 bytes @ 0xE0001000) -- Data:  01 00 00 40  returns 0x00 (0002ms, 0461ms total)
T1CC0 513:010 JLINK_ReadMem (0xE0001000, 0x0004 Bytes, ...) -- CPU is running -- CPU_ReadMem(4 bytes @ 0xE0001000) -- Data:  01 00 00 40  returns 0x00 (0001ms, 0462ms total)
T1CC0 513:011 JLINK_ReadMem (0xE0001028, 0x0004 Bytes, ...) -- CPU is running -- CPU_ReadMem(4 bytes @ 0xE0001028) -- Data:  00 00 00 00  returns 0x00 (0002ms, 0464ms total)
T1CC0 513:013 JLINK_WriteMem(0xE0001028, 0x0004 Bytes, ...) -- Data:  00 01 00 00 -- CPU is running -- CPU_WriteMem(4 bytes @ 0xE0001028)  returns 0x04 (0001ms, 0465ms total)
T1CC0 513:014 JLINK_ReadMem (0xE0001028, 0x0004 Bytes, ...) -- CPU is running -- CPU_ReadMem(4 bytes @ 0xE0001028) -- Data:  00 00 00 00  returns 0x00 (0002ms, 0467ms total)
T1CC0 513:016 JLINK_ReadMem (0xE0001038, 0x0004 Bytes, ...) -- CPU is running -- CPU_ReadMem(4 bytes @ 0xE0001038) -- Data:  00 02 00 00  returns 0x00 (0001ms, 0468ms total)
T1CC0 513:017 JLINK_WriteMem(0xE0001038, 0x0004 Bytes, ...) -- Data:  00 03 00 00 -- CPU is running -- CPU_WriteMem(4 bytes @ 0xE0001038)  returns 0x04 (0001ms, 0469ms total)
T1CC0 513:018 JLINK_ReadMem (0xE0001038, 0x0004 Bytes, ...) -- CPU is running -- CPU_ReadMem(4 bytes @ 0xE0001038) -- Data:  00 03 00 00  returns 0x00 (0002ms, 0471ms total)
T1CC0 513:020 JLINK_ReadMem (0xE0001048, 0x0004 Bytes, ...) -- CPU is running -- CPU_ReadMem(4 bytes @ 0xE0001048) -- Data:  00 00 00 00  returns 0x00 (0001ms, 0472ms total)
T1CC0 513:021 JLINK_WriteMem(0xE0001048, 0x0004 Bytes, ...) -- Data:  00 01 00 00 -- CPU is running -- CPU_WriteMem(4 bytes @ 0xE0001048)  returns 0x04 (0001ms, 0473ms total)
T1CC0 513:023 JLINK_ReadMem (0xE0001048, 0x0004 Bytes, ...) -- CPU is running -- CPU_ReadMem(4 bytes @ 0xE0001048) -- Data:  00 00 00 00  returns 0x00 (0001ms, 0474ms total)
T1CC0 513:024 JLINK_ReadMem (0xE0001058, 0x0004 Bytes, ...) -- CPU is running -- CPU_ReadMem(4 bytes @ 0xE0001058) -- Data:  00 00 00 00  returns 0x00 (0002ms, 0476ms total)
T1CC0 513:026 JLINK_WriteMem(0xE0001058, 0x0004 Bytes, ...) -- Data:  00 01 00 00 -- CPU is running -- CPU_WriteMem(4 bytes @ 0xE0001058)  returns 0x04 (0001ms, 0477ms total)
T1CC0 513:027 JLINK_ReadMem (0xE0001058, 0x0004 Bytes, ...) -- CPU is running -- CPU_ReadMem(4 bytes @ 0xE0001058) -- Data:  00 00 00 00  returns 0x00 (0002ms, 0479ms total)
T1CC0 513:029 JLINK_ReadMem (0xE0001024, 0x0004 Bytes, ...) -- CPU is running -- CPU_ReadMem(4 bytes @ 0xE0001024) -- Data:  05 00 00 00  returns 0x00 (0001ms, 0480ms total)
T1CC0 513:030 JLINK_WriteMem(0xE0001024, 0x0004 Bytes, ...) -- Data:  1F 00 00 00 -- CPU is running -- CPU_WriteMem(4 bytes @ 0xE0001024)  returns 0x04 (0001ms, 0481ms total)
T1CC0 513:031 JLINK_ReadMem (0xE0001024, 0x0004 Bytes, ...) -- CPU is running -- CPU_ReadMem(4 bytes @ 0xE0001024) -- Data:  0F 00 00 00  returns 0x00 (0002ms, 0483ms total)
T1CC0 513:033 JLINK_ReadMem (0xE0001034, 0x0004 Bytes, ...) -- CPU is running -- CPU_ReadMem(4 bytes @ 0xE0001034) -- Data:  01 00 00 00  returns 0x00 (0002ms, 0485ms total)
T1CC0 513:035 JLINK_WriteMem(0xE0001034, 0x0004 Bytes, ...) -- Data:  1F 00 00 00 -- CPU is running -- CPU_WriteMem(4 bytes @ 0xE0001034)  returns 0x04 (0001ms, 0486ms total)
T1CC0 513:036 JLINK_ReadMem (0xE0001034, 0x0004 Bytes, ...) -- CPU is running -- CPU_ReadMem(4 bytes @ 0xE0001034) -- Data:  0F 00 00 00  returns 0x00 (0002ms, 0488ms total)
T1CC0 513:038 JLINK_ReadMem (0xE0001044, 0x0004 Bytes, ...) -- CPU is running -- CPU_ReadMem(4 bytes @ 0xE0001044) -- Data:  01 00 00 00  returns 0x00 (0001ms, 0489ms total)
T1CC0 513:039 JLINK_WriteMem(0xE0001044, 0x0004 Bytes, ...) -- Data:  1F 00 00 00 -- CPU is running -- CPU_WriteMem(4 bytes @ 0xE0001044)  returns 0x04 (0001ms, 0490ms total)
T1CC0 513:040 JLINK_ReadMem (0xE0001044, 0x0004 Bytes, ...) -- CPU is running -- CPU_ReadMem(4 bytes @ 0xE0001044) -- Data:  0F 00 00 00  returns 0x00 (0002ms, 0492ms total)
T1CC0 513:042 JLINK_ReadMem (0xE0001054, 0x0004 Bytes, ...) -- CPU is running -- CPU_ReadMem(4 bytes @ 0xE0001054) -- Data:  0C 00 00 00  returns 0x00 (0001ms, 0493ms total)
T1CC0 513:043 JLINK_WriteMem(0xE0001054, 0x0004 Bytes, ...) -- Data:  1F 00 00 00 -- CPU is running -- CPU_WriteMem(4 bytes @ 0xE0001054)  returns 0x04 (0002ms, 0495ms total)
T1CC0 513:045 JLINK_ReadMem (0xE0001054, 0x0004 Bytes, ...) -- CPU is running -- CPU_ReadMem(4 bytes @ 0xE0001054) -- Data:  0F 00 00 00  returns 0x00 (0001ms, 0496ms total)
T1CC0 513:046 JLINK_ReadMem (0xE0001028, 0x0004 Bytes, ...) -- CPU is running -- CPU_ReadMem(4 bytes @ 0xE0001028) -- Data:  00 00 00 00  returns 0x00 (0002ms, 0498ms total)
T1CC0 513:048 JLINK_ReadMem (0xE0001038, 0x0004 Bytes, ...) -- CPU is running -- CPU_ReadMem(4 bytes @ 0xE0001038) -- Data:  00 03 00 00  returns 0x00 (0001ms, 0499ms total)
T1CC0 513:049 JLINK_ReadMem (0xE0001048, 0x0004 Bytes, ...) -- CPU is running -- CPU_ReadMem(4 bytes @ 0xE0001048) -- Data:  00 00 00 00  returns 0x00 (0002ms, 0501ms total)
T1CC0 513:051 JLINK_ReadMem (0xE0001058, 0x0004 Bytes, ...) -- CPU is running -- CPU_ReadMem(4 bytes @ 0xE0001058) -- Data:  00 00 00 00  returns 0x00 (0001ms, 0502ms total)
T1CC0 513:052 JLINK_WriteMem(0xE0001020, 0x0004 Bytes, ...) -- Data:  00 00 00 00 -- CPU is running -- CPU_WriteMem(4 bytes @ 0xE0001020)  returns 0x04 (0002ms, 0504ms total)
T1CC0 513:054 JLINK_WriteMem(0xE0001024, 0x0004 Bytes, ...) -- Data:  00 00 00 00 -- CPU is running -- CPU_WriteMem(4 bytes @ 0xE0001024)  returns 0x04 (0001ms, 0505ms total)
T1CC0 513:055 JLINK_WriteMem(0xE0001028, 0x0004 Bytes, ...) -- Data:  00 00 00 00 -- CPU is running -- CPU_WriteMem(4 bytes @ 0xE0001028)  returns 0x04 (0001ms, 0506ms total)
T1CC0 513:056 JLINK_WriteMem(0xE0001030, 0x0004 Bytes, ...) -- Data:  00 00 00 00 -- CPU is running -- CPU_WriteMem(4 bytes @ 0xE0001030)  returns 0x04 (0002ms, 0508ms total)
T1CC0 513:058 JLINK_WriteMem(0xE0001034, 0x0004 Bytes, ...) -- Data:  00 00 00 00 -- CPU is running -- CPU_WriteMem(4 bytes @ 0xE0001034)  returns 0x04 (0001ms, 0509ms total)
T1CC0 513:059 JLINK_WriteMem(0xE0001038, 0x0004 Bytes, ...) -- Data:  00 00 00 00 -- CPU is running -- CPU_WriteMem(4 bytes @ 0xE0001038)  returns 0x04 (0001ms, 0510ms total)
T1CC0 513:060 JLINK_WriteMem(0xE0001040, 0x0004 Bytes, ...) -- Data:  00 00 00 00 -- CPU is running -- CPU_WriteMem(4 bytes @ 0xE0001040)  returns 0x04 (0002ms, 0512ms total)
T1CC0 513:062 JLINK_WriteMem(0xE0001044, 0x0004 Bytes, ...) -- Data:  00 00 00 00 -- CPU is running -- CPU_WriteMem(4 bytes @ 0xE0001044)  returns 0x04 (0001ms, 0513ms total)
T1CC0 513:063 JLINK_WriteMem(0xE0001048, 0x0004 Bytes, ...) -- Data:  00 00 00 00 -- CPU is running -- CPU_WriteMem(4 bytes @ 0xE0001048)  returns 0x04 (0002ms, 0515ms total)
T1CC0 513:065 JLINK_WriteMem(0xE0001050, 0x0004 Bytes, ...) -- Data:  00 00 00 00 -- CPU is running -- CPU_WriteMem(4 bytes @ 0xE0001050)  returns 0x04 (0001ms, 0516ms total)
T1CC0 513:066 JLINK_WriteMem(0xE0001054, 0x0004 Bytes, ...) -- Data:  00 00 00 00 -- CPU is running -- CPU_WriteMem(4 bytes @ 0xE0001054)  returns 0x04 (0001ms, 0517ms total)
T1CC0 513:067 JLINK_WriteMem(0xE0001058, 0x0004 Bytes, ...) -- Data:  00 00 00 00 -- CPU is running -- CPU_WriteMem(4 bytes @ 0xE0001058)  returns 0x04 (0001ms, 0518ms total)
T1CC0 513:068 JLINK_Halt()  returns 0x00 (0010ms, 0528ms total)
T1CC0 513:084 JLINK_WriteMem(0x400E0A04, 0x0004 Bytes, ...) -- Data:  0C 01 00 5A -- CPU_WriteMem(4 bytes @ 0x400E0A04)  returns 0x04 (0002ms, 0530ms total)
T1CC0 513:086 JLINK_ReadMem (0x400E0A08, 0x0004 Bytes, ...) -- CPU_ReadMem(4 bytes @ 0x400E0A08) -- Data:  01 00 00 00  returns 0x00 (0001ms, 0531ms total)
T1CC0 513:087 JLINK_Reset() -- CPU_ReadMem(16 bytes @ 0x20000000) -- CPU_WriteMem(16 bytes @ 0x20000000) -- CPU_ReadMem(4 bytes @ 0xE000EDFC) -- CPU_WriteMem(4 bytes @ 0xE000EDFC) -- CPU_WriteMem(4 bytes @ 0xE000ED0C) -- CPU_ReadMem(4 bytes @ 0xE000EDF0) -- CPU_ReadMem(4 bytes @ 0xE000EDF0) -- CPU_WriteMem(4 bytes @ 0xE000EDFC) -- CPU_WriteMem(16 bytes @ 0x20000000) -- CPU_WriteMem(4 bytes @ 0xE0002000) -- CPU_ReadMem(4 bytes @ 0xE000EDFC) -- CPU_ReadMem(4 bytes @ 0xE0001000) (0049ms, 0580ms total)
T1CC0 513:137 JLINK_JTAG_GetDeviceID(DeviceIndex = 0)  returns 0x4BA00477 (0000ms, 0580ms total)
T1CC0 513:137 JLINK_ReadMemU32(0x400E0740, 0x0001 Items, ...) -- CPU_ReadMem(4 bytes @ 0x400E0740) -- Data:  61 05 99 28  returns 0x01 (0001ms, 0581ms total)
T1CC0 513:138 JLINK_WriteMem(0x400E0A04, 0x0004 Bytes, ...) -- Data:  09 00 00 5A -- CPU_WriteMem(4 bytes @ 0x400E0A04)  returns 0x04 (0002ms, 0583ms total)
T1CC0 513:140 JLINK_ReadMem (0x400E0A08, 0x0004 Bytes, ...) -- CPU_ReadMem(4 bytes @ 0x400E0A08) -- Data:  01 00 00 00  returns 0x00 (0001ms, 0584ms total)
T1CC0 513:141 JLINK_WriteMem(0x400E0A04, 0x0004 Bytes, ...) -- Data:  09 40 00 5A -- CPU_WriteMem(4 bytes @ 0x400E0A04)  returns 0x04 (0002ms, 0586ms total)
T1CC0 513:143 JLINK_ReadMem (0x400E0A08, 0x0004 Bytes, ...) -- CPU_ReadMem(4 bytes @ 0x400E0A08) -- Data:  01 00 00 00  returns 0x00 (0001ms, 0587ms total)
T1CC0 513:144 JLINK_WriteMem(0x400E0A04, 0x0004 Bytes, ...) -- Data:  09 80 00 5A -- CPU_WriteMem(4 bytes @ 0x400E0A04)  returns 0x04 (0001ms, 0588ms total)
T1CC0 513:145 JLINK_ReadMem (0x400E0A08, 0x0004 Bytes, ...) -- CPU_ReadMem(4 bytes @ 0x400E0A08) -- Data:  01 00 00 00  returns 0x00 (0002ms, 0590ms total)
T1CC0 513:147 JLINK_WriteMem(0x400E0A04, 0x0004 Bytes, ...) -- Data:  09 C0 00 5A -- CPU_WriteMem(4 bytes @ 0x400E0A04)  returns 0x04 (0001ms, 0591ms total)
T1CC0 513:148 JLINK_ReadMem (0x400E0A08, 0x0004 Bytes, ...) -- CPU_ReadMem(4 bytes @ 0x400E0A08) -- Data:  01 00 00 00  returns 0x00 (0001ms, 0592ms total)
T1CC0 513:150 JLINK_WriteMem(0x400E0A04, 0x0004 Bytes, ...) -- Data:  05 00 00 5A -- CPU_WriteMem(4 bytes @ 0x400E0A04)  returns 0x04 (0001ms, 0594ms total)
T1CC0 513:151 JLINK_ReadMem (0x400E0A08, 0x0004 Bytes, ...) -- CPU_ReadMem(4 bytes @ 0x400E0A08) -- Data:  00 00 00 00  returns 0x00 (0001ms, 0595ms total)
T1CC0 513:154 JLINK_ReadMem (0x400E0A08, 0x0004 Bytes, ...) -- CPU_ReadMem(4 bytes @ 0x400E0A08) -- Data:  00 00 00 00  returns 0x00 (0001ms, 0596ms total)
T1CC0 513:160 JLINK_ReadMem (0x400E0A08, 0x0004 Bytes, ...) -- CPU_ReadMem(4 bytes @ 0x400E0A08) -- Data:  01 00 00 00  returns 0x00 (0001ms, 0597ms total)
T1CC0 513:161 JLINK_ResetPullsRESET(ON) (0000ms, 0597ms total)
T1CC0 513:161 JLINK_ResetNoHalt() >0x2F8 JTAG>TotalIRLen = 4, IRPrint = 0x01 >0x30 JTAG> >0x210 JTAG> >0x70 JTAG> >0x40 JTAG> >0x40 JTAG> >0x40 JTAG> >0x48 JTAG> >0x78 JTAG> >0x40 JTAG> >0x30 JTAG> >0x40 JTAG> >0x40 JTAG> >0x30 JTAG> >0x40 JTAG> >0x48 JTAG>Found Cortex-M3 r2p0, Little endian. -- CPU_WriteMem(4 bytes @ 0xE0002000) -- CPU_ReadMem(4 bytes @ 0xE000EDF0) -- CPU_ReadMem(4 bytes @ 0xE0002000)FPUnit: 6 code (BP) slots and 2 literal slots -- CPU_ReadMem(4 bytes @ 0xE000EDFC)
 -- CPU_ReadMem(4 bytes @ 0xE0001000) -- CPU_ReadMem(4 bytes @ 0xE00FF010)TPIU fitted. -- CPU_ReadMem(4 bytes @ 0xE00FF014) -- CPU_ReadMem(4 bytes @ 0xE00FF018)
                JLINK_Reset() -- CPU_ReadMem(16 bytes @ 0x20000000) -- CPU_WriteMem(16 bytes @ 0x20000000) -- CPU_ReadMem(4 bytes @ 0xE000EDFC) -- CPU_WriteMem(4 bytes @ 0xE000EDFC) -- CPU_WriteMem(4 bytes @ 0xE0001004) -- CPU_WriteMem(4 bytes @ 0xE000ED0C) -- CPU_ReadMem(4 bytes @ 0xE000EDF0) -- CPU_ReadMem(4 bytes @ 0xE000EDF0) -- CPU_WriteMem(4 bytes @ 0xE000EDFC) -- CPU_WriteMem(16 bytes @ 0x20000000) -- CPU_WriteMem(4 bytes @ 0xE0002000) -- CPU_ReadMem(4 bytes @ 0xE000EDFC)
 -- CPU_ReadMem(4 bytes @ 0xE0001000) (0053ms, 0053ms total)
                JLINK_Go() -- CPU_WriteMem(4 bytes @ 0xE0001004) (0003ms, 0056ms total)
               (0089ms, 0686ms total)
T1CC0 513:250 JLINK_ExecCommand("ProjectFile = D:\Modulo_IO\Modulo_IO\Modulo_IO\jlink.config", ...)  returns 0x00 (0000ms, 0686ms total)
T1CC0 513:276 JLINK_ExecCommand("Device = AT91SAM3S1B", ...)Device "ATSAM3S1B" selected (64 KB flash, 16 KB RAM).  returns 0x00 (0000ms, 0686ms total)
T1CC0 513:276 JLINK_TIF_Select(JLINKARM_TIF_JTAG)  returns 0x00 (0000ms, 0686ms total)
T1CC0 513:276 JLINK_GetIdData(...) ScanLen=4 NumDevices=1 aId[0]=0x4BA00477 aIrRead[0]=0 aScanLen[0]=0 aScanRead[0]=0 (0000ms, 0686ms total)
T1CC0 513:276 JLINK_ConfigJTAG(IRPre = 0, DRPre = 0) (0000ms, 0686ms total)
T1CC0 513:276 JLINK_SetSpeed(1000) (0001ms, 0687ms total)
T1CC0 513:277 JLINK_ResetPullsRESET(OFF) (0000ms, 0687ms total)
T1CC0 513:277 JLINK_Connect() >0x2F8 JTAG>TotalIRLen = 4, IRPrint = 0x01 >0x30 JTAG> >0x210 JTAG> >0x70 JTAG> >0x40 JTAG> >0x40 JTAG> >0x40 JTAG> >0x40 JTAG> >0x48 JTAG> >0x40 JTAG> >0x40 JTAG> >0x78 JTAG> >0x40 JTAG> >0x30 JTAG> >0x40 JTAG> >0x40 JTAG> >0x40 JTAG> >0x40 JTAG> >0x30 JTAG> >0x30 JTAG> >0x40 JTAG> >0x40 JTAG> >0x48 JTAG> >0x40 JTAG> >0x40 JTAG>Found Cortex-M3 r2p0, Little endian. -- CPU_WriteMem(4 bytes @ 0xE0002000) -- CPU_ReadMem(4 bytes @ 0xE000EDF0) -- CPU_ReadMem(4 bytes @ 0xE0002000)
FPUnit: 6 code (BP) slots and 2 literal slots -- CPU_ReadMem(4 bytes @ 0xE000EDFC) -- CPU_ReadMem(4 bytes @ 0xE0001000) -- CPU_WriteMem(4 bytes @ 0xE0001000) -- CPU_ReadMem(4 bytes @ 0xE00FF010)TPIU fitted. -- CPU_ReadMem(4 bytes @ 0xE00FF014) -- CPU_ReadMem(4 bytes @ 0xE00FF018)  returns 0x00 (0053ms, 0740ms total)
T1CC0 513:330 JLINK_WriteMem(0xE0001020, 0x0004 Bytes, ...) -- Data:  00 00 00 00 -- CPU is running -- CPU_WriteMem(4 bytes @ 0xE0001020)  returns 0x04 (0002ms, 0742ms total)
T1CC0 513:333 JLINK_WriteMem(0xE0001024, 0x0004 Bytes, ...) -- Data:  00 00 00 00 -- CPU is running -- CPU_WriteMem(4 bytes @ 0xE0001024)  returns 0x04 (0002ms, 0744ms total)
T1CC0 513:335 JLINK_WriteMem(0xE0001028, 0x0004 Bytes, ...) -- Data:  00 00 00 00 -- CPU is running -- CPU_WriteMem(4 bytes @ 0xE0001028)  returns 0x04 (0002ms, 0746ms total)
T1CC0 513:337 JLINK_WriteMem(0xE0001030, 0x0004 Bytes, ...) -- Data:  00 00 00 00 -- CPU is running -- CPU_WriteMem(4 bytes @ 0xE0001030)  returns 0x04 (0002ms, 0748ms total)
T1CC0 513:339 JLINK_WriteMem(0xE0001034, 0x0004 Bytes, ...) -- Data:  00 00 00 00 -- CPU is running -- CPU_WriteMem(4 bytes @ 0xE0001034)  returns 0x04 (0002ms, 0750ms total)
T1CC0 513:341 JLINK_WriteMem(0xE0001038, 0x0004 Bytes, ...) -- Data:  00 00 00 00 -- CPU is running -- CPU_WriteMem(4 bytes @ 0xE0001038)  returns 0x04 (0002ms, 0752ms total)
T1CC0 513:343 JLINK_WriteMem(0xE0001040, 0x0004 Bytes, ...) -- Data:  00 00 00 00 -- CPU is running -- CPU_WriteMem(4 bytes @ 0xE0001040)  returns 0x04 (0001ms, 0753ms total)
T1CC0 513:344 JLINK_WriteMem(0xE0001044, 0x0004 Bytes, ...) -- Data:  00 00 00 00 -- CPU is running -- CPU_WriteMem(4 bytes @ 0xE0001044)  returns 0x04 (0002ms, 0755ms total)
T1CC0 513:346 JLINK_WriteMem(0xE0001048, 0x0004 Bytes, ...) -- Data:  00 00 00 00 -- CPU is running -- CPU_WriteMem(4 bytes @ 0xE0001048)  returns 0x04 (0001ms, 0756ms total)
T1CC0 513:347 JLINK_WriteMem(0xE0001050, 0x0004 Bytes, ...) -- Data:  00 00 00 00 -- CPU is running -- CPU_WriteMem(4 bytes @ 0xE0001050)  returns 0x04 (0002ms, 0758ms total)
T1CC0 513:349 JLINK_WriteMem(0xE0001054, 0x0004 Bytes, ...) -- Data:  00 00 00 00 -- CPU is running -- CPU_WriteMem(4 bytes @ 0xE0001054)  returns 0x04 (0001ms, 0759ms total)
T1CC0 513:350 JLINK_WriteMem(0xE0001058, 0x0004 Bytes, ...) -- Data:  00 00 00 00 -- CPU is running -- CPU_WriteMem(4 bytes @ 0xE0001058)  returns 0x04 (0001ms, 0760ms total)
T1CC0 513:351 JLINK_Halt()  returns 0x00 (0009ms, 0769ms total)
T1CC0 513:360 JLINK_WriteMem(0x400E0A04, 0x0004 Bytes, ...) -- Data:  0C 01 00 5A -- CPU_WriteMem(4 bytes @ 0x400E0A04)  returns 0x04 (0002ms, 0771ms total)
T1CC0 513:362 JLINK_ReadMem (0x400E0A08, 0x0004 Bytes, ...) -- CPU_ReadMem(4 bytes @ 0x400E0A08) -- Data:  01 00 00 00  returns 0x00 (0002ms, 0773ms total)
T1CC0 513:364 JLINK_Reset() -- CPU_ReadMem(16 bytes @ 0x20000000) -- CPU_WriteMem(16 bytes @ 0x20000000) -- CPU_ReadMem(4 bytes @ 0xE000EDFC) -- CPU_WriteMem(4 bytes @ 0xE000EDFC) -- CPU_WriteMem(4 bytes @ 0xE000ED0C) -- CPU_ReadMem(4 bytes @ 0xE000EDF0) -- CPU_ReadMem(4 bytes @ 0xE000EDF0) -- CPU_WriteMem(4 bytes @ 0xE000EDFC) -- CPU_WriteMem(16 bytes @ 0x20000000) -- CPU_WriteMem(4 bytes @ 0xE0002000) -- CPU_ReadMem(4 bytes @ 0xE000EDFC) -- CPU_ReadMem(4 bytes @ 0xE0001000) (0049ms, 0822ms total)
T1CC0 513:414 JLINK_JTAG_GetDeviceID(DeviceIndex = 0)  returns 0x4BA00477 (0000ms, 0822ms total)
T1CC0 513:414 JLINK_ReadMemU32(0x400E0740, 0x0001 Items, ...) -- CPU_ReadMem(4 bytes @ 0x400E0740) -- Data:  61 05 99 28  returns 0x01 (0001ms, 0823ms total)
T1CC0 513:485 JLINK_ReadMemHW(0x00403D00, 0x0100 Bytes, ...) -- CPU_ReadMem(256 bytes @ 0x00403D00) -- Data:  FF FF FF FF FF FF FF FF FF FF FF FF FF FF FF FF ...  returns 0x00 (0004ms, 0827ms total)
T1CC0 513:489 JLINK_ReadMemHW(0x00404300, 0x0100 Bytes, ...) -- CPU_ReadMem(256 bytes @ 0x00404300) -- Data:  FF FF FF FF FF FF FF FF FF FF FF FF FF FF FF FF ...  returns 0x00 (0005ms, 0832ms total)
T1CC0 513:511 JLINK_BeginDownload(Flags = 0x00) (0000ms, 0832ms total)
T1CC0 513:511 JLINK_WriteMem(0x00400000, 0x0100 Bytes, ...) -- Data:  08 31 00 20 2D 07 40 00 29 07 40 00 29 07 40 00 ...  returns 0x100 (0000ms, 0832ms total)
T1CC0 513:512 JLINK_WriteMem(0x00400100, 0x0100 Bytes, ...) -- Data:  00 80 06 48 03 68 13 B1 05 4B 03 B1 98 47 08 BD ...  returns 0x100 (0000ms, 0832ms total)
T1CC0 513:512 JLINK_WriteMem(0x00400200, 0x0100 Bytes, ...) -- Data:  07 4B 1B 68 23 B1 07 4B 1B 68 0B B1 48 46 98 47 ...  returns 0x100 (0000ms, 0832ms total)
T1CC0 513:512 JLINK_WriteMem(0x00400300, 0x0100 Bytes, ...) -- Data:  FC FF C8 FE 02 00 37 01 02 4B 98 6E 00 F4 80 30 ...  returns 0x100 (0000ms, 0832ms total)
T1CC0 513:512 JLINK_WriteMem(0x00400400, 0x0100 Bytes, ...) -- Data:  04 49 88 42 0C BF 10 46 18 46 70 47 00 07 0E 40 ...  returns 0x100 (0000ms, 0832ms total)
T1CC0 513:512 JLINK_WriteMem(0x00400500, 0x0100 Bytes, ...) -- Data:  04 4B 70 47 F0 B5 83 B0 07 46 0C 46 16 46 1D 46 ...  returns 0x100 (0000ms, 0832ms total)
T1CC0 513:512 JLINK_WriteMem(0x00400600, 0x0100 Bytes, ...) -- Data:  04 F2 07 74 66 02 01 F0 F0 44 B4 F1 00 5F 47 D0 ...  returns 0x100 (0000ms, 0832ms total)
T1CC0 513:512 JLINK_WriteMem(0x00400700, 0x0100 Bytes, ...) -- Data:  20 46 00 E0 00 20 02 B0 70 BD 00 BF 19 04 40 00 ...  returns 0x100 (0000ms, 0832ms total)
T1CC0 513:512 JLINK_WriteMem(0x00400800, 0x0100 Bytes, ...) -- Data:  FA 42 36 4B 1A 60 4D E0 32 4B 1B 6A 13 F0 80 7F ...  returns 0x100 (0000ms, 0832ms total)
T1CC0 513:512 JLINK_WriteMem(0x00400900, 0x0100 Bytes, ...) -- Data:  42 23 8D F8 0A 30 8D F8 0B 00 00 2A 3B DD 00 23 ...  returns 0x100 (0000ms, 0832ms total)
T1CC0 513:512 JLINK_WriteMem(0x00400A00, 0x0100 Bytes, ...) -- Data:  11 4B 1B 78 80 2B 1D D0 10 4C A1 23 23 70 15 23 ...  returns 0x100 (0000ms, 0832ms total)
T1CC0 513:512 JLINK_WriteMem(0x00400B00, 0x0100 Bytes, ...) -- Data:  22 08 5C 09 96 0A C9 0B FE 0C 33 0E B9 49 FF 24 ...  returns 0x100 (0000ms, 0832ms total)
T1CC0 513:512 JLINK_WriteMem(0x00400C00, 0x0100 Bytes, ...) -- Data:  62 BE 7C 49 FF 24 8C 67 7B 4A 94 67 CC 67 D4 67 ...  returns 0x100 (0000ms, 0832ms total)
T1CC0 513:512 JLINK_WriteMem(0x00400D00, 0x0100 Bytes, ...) -- Data:  3D 4A 94 67 CC 67 D4 67 00 23 8B 64 93 64 CB 64 ...  returns 0x100 (0000ms, 0832ms total)
T1CC0 513:512 JLINK_WriteMem(0x00400E00, 0x0100 Bytes, ...) -- Data:  8C 67 B9 4A 94 67 CC 67 D4 67 00 23 8B 64 93 64 ...  returns 0x100 (0000ms, 0832ms total)
T1CC0 513:512 JLINK_WriteMem(0x00400F00, 0x0100 Bytes, ...) -- Data:  4B 64 53 64 8B 64 93 64 CC 64 D4 64 0B 65 13 65 ...  returns 0x100 (0000ms, 0832ms total)
T1CC0 513:512 JLINK_WriteMem(0x00401000, 0x0100 Bytes, ...) -- Data:  CB 64 D3 64 0B 65 13 65 4C 65 54 65 8B 66 93 66 ...  returns 0x100 (0000ms, 0832ms total)
T1CC0 513:512 JLINK_WriteMem(0x00401100, 0x0100 Bytes, ...) -- Data:  D3 64 0B 65 13 65 4B 65 53 65 8B 66 93 66 CB 66 ...  returns 0x100 (0000ms, 0832ms total)
T1CC0 513:512 JLINK_WriteMem(0x00401200, 0x0100 Bytes, ...) -- Data:  8B 66 93 66 CB 66 D3 66 0B 67 13 67 FF 24 4C 67 ...  returns 0x100 (0000ms, 0832ms total)
T1CC0 513:512 JLINK_WriteMem(0x00401300, 0x0100 Bytes, ...) -- Data:  D3 66 0B 67 13 67 4C 67 54 67 C1 F8 80 30 C2 F8 ...  returns 0x100 (0000ms, 0832ms total)
T1CC0 513:512 JLINK_WriteMem(0x00401400, 0x0100 Bytes, ...) -- Data:  CB 66 D3 66 0B 67 13 67 4B 67 53 67 C1 F8 80 30 ...  returns 0x100 (0000ms, 0832ms total)
T1CC0 513:512 JLINK_WriteMem(0x00401500, 0x0100 Bytes, ...) -- Data:  4B 67 53 67 C1 F8 80 30 C2 F8 80 30 C1 F8 98 30 ...  returns 0x100 (0000ms, 0832ms total)
T1CC0 513:512 JLINK_WriteMem(0x00401600, 0x0100 Bytes, ...) -- Data:  C2 F8 80 30 C1 F8 98 30 C2 F8 98 30 C1 F8 9C 30 ...  returns 0x100 (0000ms, 0832ms total)
T1CC0 513:512 JLINK_WriteMem(0x00401700, 0x0100 Bytes, ...) -- Data:  C2 F8 80 30 C1 F8 98 30 C2 F8 98 30 C1 F8 9C 30 ...  returns 0x100 (0000ms, 0832ms total)
T1CC0 513:512 JLINK_WriteMem(0x00401800, 0x0100 Bytes, ...) -- Data:  C2 F8 98 30 C1 F8 9C 30 C2 F8 9C 30 C1 F8 A8 30 ...  returns 0x100 (0000ms, 0832ms total)
T1CC0 513:512 JLINK_WriteMem(0x00401900, 0x0100 Bytes, ...) -- Data:  C2 F8 9C 30 C1 F8 A8 30 C2 F8 A8 30 C1 F8 AC 30 ...  returns 0x100 (0000ms, 0832ms total)
T1CC0 513:512 JLINK_WriteMem(0x00401A00, 0x0100 Bytes, ...) -- Data:  C2 F8 9C 30 C1 F8 A8 30 C2 F8 A8 30 C1 F8 AC 30 ...  returns 0x100 (0000ms, 0832ms total)
T1CC0 513:512 JLINK_WriteMem(0x00401B00, 0x0100 Bytes, ...) -- Data:  C2 F8 A8 30 C1 F8 AC 30 C2 F8 AC 30 C1 F8 B0 30 ...  returns 0x100 (0000ms, 0832ms total)
T1CC0 513:512 JLINK_WriteMem(0x00401C00, 0x0100 Bytes, ...) -- Data:  C2 F8 AC 30 C1 F8 B0 30 C2 F8 B0 30 C1 F8 C0 30 ...  returns 0x100 (0000ms, 0832ms total)
T1CC0 513:512 JLINK_WriteMem(0x00401D00, 0x0100 Bytes, ...) -- Data:  C2 F8 AC 30 C1 F8 B0 30 C2 F8 B0 30 C1 F8 C0 30 ...  returns 0x100 (0000ms, 0832ms total)
T1CC0 513:512 JLINK_WriteMem(0x00401E00, 0x0100 Bytes, ...) -- Data:  C2 F8 B0 30 C1 F8 C0 30 C2 F8 C0 30 C1 F8 C4 30 ...  returns 0x100 (0000ms, 0832ms total)
T1CC0 513:512 JLINK_WriteMem(0x00401F00, 0x0100 Bytes, ...) -- Data:  C2 F8 C0 30 C1 F8 C4 30 C2 F8 C4 30 C1 F8 C8 30 ...  returns 0x100 (0000ms, 0832ms total)
T1CC0 513:512 JLINK_WriteMem(0x00402000, 0x0100 Bytes, ...) -- Data:  C2 F8 C0 30 C1 F8 C4 30 C2 F8 C4 30 C1 F8 C8 30 ...  returns 0x100 (0001ms, 0833ms total)
T1CC0 513:513 JLINK_WriteMem(0x00402100, 0x0100 Bytes, ...) -- Data:  C2 F8 C4 30 C1 F8 C8 30 C2 F8 C8 30 DB E3 5B 49 ...  returns 0x100 (0000ms, 0833ms total)
T1CC0 513:513 JLINK_WriteMem(0x00402200, 0x0100 Bytes, ...) -- Data:  61 E3 1E 49 FF 24 8C 67 1D 4A 94 67 CC 67 D4 67 ...  returns 0x100 (0000ms, 0833ms total)
T1CC0 513:513 JLINK_WriteMem(0x00402300, 0x0100 Bytes, ...) -- Data:  FF 24 8C 67 97 4A 94 67 CC 67 D4 67 8C 66 94 66 ...  returns 0x100 (0000ms, 0833ms total)
T1CC0 513:513 JLINK_WriteMem(0x00402400, 0x0100 Bytes, ...) -- Data:  8C 66 94 66 00 23 CB 66 D3 66 0B 67 13 67 4C 67 ...  returns 0x100 (0000ms, 0833ms total)
T1CC0 513:513 JLINK_WriteMem(0x00402500, 0x0100 Bytes, ...) -- Data:  00 23 4B 67 53 67 8B 64 93 64 CB 64 D3 64 0B 65 ...  returns 0x100 (0000ms, 0833ms total)
T1CC0 513:513 JLINK_WriteMem(0x00402600, 0x0100 Bytes, ...) -- Data:  53 67 8B 64 93 64 CB 64 D3 64 0B 65 13 65 4B 65 ...  returns 0x100 (0000ms, 0833ms total)
T1CC0 513:513 JLINK_WriteMem(0x00402700, 0x0100 Bytes, ...) -- Data:  13 65 4B 65 53 65 C1 F8 80 30 C2 F8 80 30 C1 F8 ...  returns 0x100 (0000ms, 0833ms total)
T1CC0 513:513 JLINK_WriteMem(0x00402800, 0x0100 Bytes, ...) -- Data:  98 30 C2 F8 98 30 C1 F8 9C 30 C2 F8 9C 30 C1 F8 ...  returns 0x100 (0000ms, 0833ms total)
T1CC0 513:513 JLINK_WriteMem(0x00402900, 0x0100 Bytes, ...) -- Data:  0A 68 53 1C 0B 60 9D F8 07 10 93 48 81 54 01 2B ...  returns 0x100 (0000ms, 0833ms total)
T1CC0 513:513 JLINK_WriteMem(0x00402A00, 0x0100 Bytes, ...) -- Data:  56 4B 1A 70 00 23 4F 4A 13 60 52 4A 13 60 97 E0 ...  returns 0x100 (0000ms, 0833ms total)
T1CC0 513:513 JLINK_WriteMem(0x00402B00, 0x0100 Bytes, ...) -- Data:  04 D1 31 22 21 4B 83 F8 90 20 19 E0 32 2B 04 D1 ...  returns 0x100 (0000ms, 0833ms total)
T1CC0 513:513 JLINK_WriteMem(0x00402C00, 0x0100 Bytes, ...) -- Data:  04 32 93 42 03 DA 8F 4A 11 68 69 40 11 60 02 2B ...  returns 0x100 (0000ms, 0833ms total)
T1CC0 513:513 JLINK_WriteMem(0x00402D00, 0x0100 Bytes, ...) -- Data:  A1 21 19 70 10 21 59 70 9A 70 83 F8 03 E0 0E F1 ...  returns 0x100 (0000ms, 0833ms total)
T1CC0 513:513 JLINK_WriteMem(0x00402E00, 0x0100 Bytes, ...) -- Data:  4A 40 01 34 84 42 01 DA 11 46 F7 E7 0D 4B 1A 60 ...  returns 0x100 (0000ms, 0833ms total)
T1CC0 513:513 JLINK_WriteMem(0x00402F00, 0x0100 Bytes, ...) -- Data:  A5 70 59 23 E3 70 FC 23 23 71 51 48 51 4B 98 47 ...  returns 0x100 (0000ms, 0833ms total)
T1CC0 513:513 JLINK_WriteMem(0x00403000, 0x0100 Bytes, ...) -- Data:  06 32 0D 4B 1B 68 9A 42 09 D1 00 22 0A 4B 1A 60 ...  returns 0x100 (0000ms, 0833ms total)
T1CC0 513:513 JLINK_WriteMem(0x00403100, 0x0100 Bytes, ...) -- Data:  20 51 A0 47 1B 20 4F F0 20 51 A0 47 1C 20 4F F0 ...  returns 0x100 (0000ms, 0833ms total)
T1CC0 513:513 JLINK_WriteMem(0x00403200, 0x0100 Bytes, ...) -- Data:  20 46 DF F8 64 A1 D0 47 20 46 DF F8 60 C1 E0 47 ...  returns 0x100 (0000ms, 0833ms total)
T1CC0 513:513 JLINK_WriteMem(0x00403300, 0x0100 Bytes, ...) -- Data:  1A 70 27 20 15 4B 98 47 18 B9 15 4B 1A 78 02 32 ...  returns 0x100 (0000ms, 0833ms total)
T1CC0 513:513 JLINK_WriteMem(0x00403400, 0x0100 Bytes, ...) -- Data:  02 E0 01 3B 5B 4A 13 60 5C 4B D3 F8 04 31 FF 2B ...  returns 0x100 (0000ms, 0833ms total)
T1CC0 513:513 JLINK_WriteMem(0x00403500, 0x0100 Bytes, ...) -- Data:  AA 22 1E 4B C3 F8 18 21 22 4B 98 47 20 4B 1B 78 ...  returns 0x100 (0000ms, 0833ms total)
T1CC0 513:513 JLINK_WriteMem(0x00403600, 0x0100 Bytes, ...) -- Data:  7A 4B 98 47 78 4B 1B 6F 2B B9 AA 22 76 4B 1A 67 ...  returns 0x100 (0000ms, 0833ms total)
T1CC0 513:513 JLINK_WriteMem(0x00403700, 0x0100 Bytes, ...) -- Data:  39 4B DB 6C FF 2B 05 D1 AA 22 37 4B DA 64 07 20 ...  returns 0x100 (0000ms, 0833ms total)
T1CC0 513:513 JLINK_WriteMem(0x00403800, 0x0100 Bytes, ...) -- Data:  AC 30 43 B9 90 4B AA 22 C3 F8 C4 20 C3 F8 AC 20 ...  returns 0x100 (0000ms, 0833ms total)
T1CC0 513:513 JLINK_WriteMem(0x00403900, 0x0100 Bytes, ...) -- Data:  55 4B 9A 74 07 20 53 4B 98 47 18 B9 00 22 52 4B ...  returns 0x100 (0000ms, 0833ms total)
T1CC0 513:513 JLINK_WriteMem(0x00403A00, 0x0100 Bytes, ...) -- Data:  05 E0 15 4B FF 22 83 F8 30 20 83 F8 2A 20 1D 20 ...  returns 0x100 (0000ms, 0833ms total)
T1CC0 513:513 JLINK_WriteMem(0x00403B00, 0x0100 Bytes, ...) -- Data:  00 22 4C 4B 83 F8 84 20 20 20 50 4B 98 47 06 E0 ...  returns 0x100 (0000ms, 0833ms total)
T1CC0 513:513 JLINK_WriteMem(0x00403C00, 0x0100 Bytes, ...) -- Data:  8C 20 0E 20 11 4F B8 47 1E 20 B8 47 FF F7 E1 BB ...  returns 0x100 (0000ms, 0833ms total)
T1CC0 513:513 JLINK_WriteMem(0x00403D00, 0x0100 Bytes, ...) -- Data:  F0 B5 27 4C 85 B0 26 68 07 46 D6 F8 48 41 00 2C ...  returns 0x100 (0000ms, 0833ms total)
T1CC0 513:513 JLINK_WriteMem(0x00403E00, 0x0100 Bytes, ...) -- Data:  93 6E 13 F0 01 0F FB D0 1A 4A 19 4B 1A 62 1A 46 ...  returns 0x100 (0000ms, 0833ms total)
T1CC0 513:513 JLINK_WriteMem(0x00403F00, 0x0100 Bytes, ...) -- Data:  00 00 00 00 14 04 00 20 7C 04 00 20 E4 04 00 20 ...  returns 0x100 (0000ms, 0833ms total)
T1CC0 513:514 JLINK_WriteMem(0x00404000, 0x0100 Bytes, ...) -- Data:  00 00 00 00 00 00 00 00 00 00 00 00 00 00 00 00 ...  returns 0x100 (0000ms, 0833ms total)
T1CC0 513:514 JLINK_WriteMem(0x00404100, 0x0100 Bytes, ...) -- Data:  00 00 00 00 00 00 00 00 00 00 00 00 00 00 00 00 ...  returns 0x100 (0000ms, 0833ms total)
T1CC0 513:514 JLINK_WriteMem(0x00404200, 0x0100 Bytes, ...) -- Data:  00 00 00 00 00 00 00 00 00 00 00 00 00 00 00 00 ...  returns 0x100 (0000ms, 0833ms total)
T1CC0 513:514 JLINK_WriteMem(0x00404300, 0x0100 Bytes, ...) -- Data:  00 00 00 00 00 00 00 00 00 00 00 00 00 00 00 00 ...  returns 0x100 (0000ms, 0833ms total)
T1CC0 513:544 JLINK_EndDownload() -- -------------------------------------- -- Start of determining dirty areas -- End of determining dirty areas -- Start of preparing flash programming -- Calculating RAM usage -- RAM usage = 3708 Bytes -- Preserving registers -- Preparing memory -- Determining CPU clock frequency -- CPU clock frequency: 3784 kHz -- CPU frequency = 3784 kHz -- Preparing target -- Downloading RAMCode -- Using alternate TurboMode RAMCode -- Checking target RAM -- Preparing RAMCode
 -- End of preparing flash programmingCPU is running at low speed (3784 kHz). -- CPU is running at 3784 kHz. -- Start of comparing flash -- CRC check was estimated as fastest method -- Comparing range 0x400000 - 0x4043FF (68 Sectors, 17 KB), using multi-block CRC calculation -- CRC does not match for sectors 0-67 -- End of comparing flash -- Start of erasing sectors -- End of erasing sectors -- Start of flash programming -- Programming range 0x00400000 - 0x00401FFF ( 32 Sectors, 8 KB)
 -- Programming range 0x00402000 - 0x00403FFF ( 32 Sectors, 8 KB) -- Programming range 0x00404000 - 0x004043FF (  4 Sectors, 1024 Bytes) -- End of flash programming -- Flash programming performed for 1 range (17408 bytes) -- 0x400000 - 0x4043FF (068 Sectors, 17 KB) -- Start of verifying flash -- Checksum calculation was estimated as fastest method -- End of verifying flash -- Start of restoring -- Restore RAMCode -- Restore content of target memory -- Restore target -- Restore memory
 -- Restore content of registers -- End of restoring -- Total time needed: 0.754s (Prepare: 0.148s, Compare: 0.029s, Erase: 0.000s, Program: 0.548s, Verify: 0.013s, Restore: 0.014s)  returns 0x4400 (0756ms, 1589ms total)
T1CC0 514:302 JLINK_ResetPullsRESET(ON) (0000ms, 1589ms total)
T1CC0 514:302 JLINK_ResetNoHalt() >0x2F8 JTAG>TotalIRLen = 4, IRPrint = 0x01 >0x30 JTAG> >0x210 JTAG> >0x70 JTAG> >0x40 JTAG> >0x40 JTAG> >0x40 JTAG> >0x48 JTAG> >0x78 JTAG> >0x40 JTAG> >0x30 JTAG> >0x40 JTAG> >0x40 JTAG> >0x30 JTAG> >0x40 JTAG> >0x48 JTAG>Found Cortex-M3 r2p0, Little endian. -- CPU_WriteMem(4 bytes @ 0xE0002000) -- CPU_ReadMem(4 bytes @ 0xE000EDF0) -- CPU_ReadMem(4 bytes @ 0xE0002000)FPUnit: 6 code (BP) slots and 2 literal slots -- CPU_ReadMem(4 bytes @ 0xE000EDFC)
 -- CPU_ReadMem(4 bytes @ 0xE0001000) -- CPU_ReadMem(4 bytes @ 0xE00FF010)TPIU fitted. -- CPU_ReadMem(4 bytes @ 0xE00FF014) -- CPU_ReadMem(4 bytes @ 0xE00FF018)
                JLINK_Reset() -- CPU_ReadMem(16 bytes @ 0x20000000) -- CPU_WriteMem(16 bytes @ 0x20000000) -- CPU_ReadMem(4 bytes @ 0xE000EDFC) -- CPU_WriteMem(4 bytes @ 0xE000EDFC) -- CPU_WriteMem(4 bytes @ 0xE000ED0C) -- CPU_ReadMem(4 bytes @ 0xE000EDF0) -- CPU_ReadMem(4 bytes @ 0xE000EDF0) -- CPU_WriteMem(4 bytes @ 0xE000EDFC) -- CPU_WriteMem(16 bytes @ 0x20000000) -- CPU_WriteMem(4 bytes @ 0xE0002000) -- CPU_ReadMem(4 bytes @ 0xE000EDFC) -- CPU_ReadMem(4 bytes @ 0xE0001000) (0051ms, 0051ms total)
                JLINK_Go() -- CPU_WriteMem(4 bytes @ 0xE0001004) (0003ms, 0054ms total)
               (0086ms, 1675ms total)
T1A64 514:302 
  ***** Error: Connection to emulator lost! (150341ms, 152016ms total)
T3360 664:673 JLINK_EMU_GetList(InterfaceMask = 0x00000001, MaxInfos = 0x00000032)   returns 0x00 (0000ms, 1675ms total)
T3360 665:700 JLINK_EMU_GetList(InterfaceMask = 0x00000001, MaxInfos = 0x00000032)   returns 0x00 (0000ms, 1675ms total)
T3360 666:728 JLINK_EMU_GetList(InterfaceMask = 0x00000001, MaxInfos = 0x00000032)   returns 0x00 (0000ms, 1675ms total)
T3360 667:752 JLINK_EMU_GetList(InterfaceMask = 0x00000001, MaxInfos = 0x00000032)   returns 0x00 (0000ms, 1675ms total)
T3360 668:779 JLINK_EMU_GetList(InterfaceMask = 0x00000001, MaxInfos = 0x00000032)   returns 0x00 (0000ms, 1675ms total)
T3360 669:806 JLINK_EMU_GetList(InterfaceMask = 0x00000001, MaxInfos = 0x00000032)   returns 0x00 (0000ms, 1675ms total)
T3360 670:834 JLINK_EMU_GetList(InterfaceMask = 0x00000001, MaxInfos = 0x00000032)   returns 0x00 (0000ms, 1675ms total)
T3360 671:862 JLINK_EMU_GetList(InterfaceMask = 0x00000001, MaxInfos = 0x00000032)   returns 0x00 (0000ms, 1675ms total)
T3360 672:891 JLINK_EMU_GetList(InterfaceMask = 0x00000001, MaxInfos = 0x00000032)   returns 0x00 (0000ms, 1675ms total)
T3360 673:919 JLINK_EMU_GetList(InterfaceMask = 0x00000001, MaxInfos = 0x00000032)   returns 0x00 (0000ms, 1675ms total)
T3360 674:946 JLINK_EMU_GetList(InterfaceMask = 0x00000001, MaxInfos = 0x00000032)   returns 0x00 (0000ms, 1675ms total)
T3360 675:973 JLINK_EMU_GetList(InterfaceMask = 0x00000001, MaxInfos = 0x00000032)   returns 0x00 (0000ms, 1675ms total)
T3360 677:001 JLINK_EMU_GetList(InterfaceMask = 0x00000001, MaxInfos = 0x00000032)   returns 0x00 (0000ms, 1675ms total)
T3360 678:029 JLINK_EMU_GetList(InterfaceMask = 0x00000001, MaxInfos = 0x00000032)   returns 0x00 (0000ms, 1675ms total)
T3360 679:056 JLINK_EMU_GetList(InterfaceMask = 0x00000001, MaxInfos = 0x00000032)   returns 0x00 (0000ms, 1675ms total)
T3360 680:080 JLINK_EMU_GetList(InterfaceMask = 0x00000001, MaxInfos = 0x00000032)   returns 0x00 (0000ms, 1675ms total)
T3360 681:108 JLINK_EMU_GetList(InterfaceMask = 0x00000001, MaxInfos = 0x00000032)   returns 0x00 (0000ms, 1675ms total)
T3360 682:135 JLINK_EMU_GetList(InterfaceMask = 0x00000001, MaxInfos = 0x00000032)   returns 0x00 (0000ms, 1675ms total)
T3360 683:163 JLINK_EMU_GetList(InterfaceMask = 0x00000001, MaxInfos = 0x00000032)   returns 0x00 (0000ms, 1675ms total)
T3360 684:190 JLINK_EMU_GetList(InterfaceMask = 0x00000001, MaxInfos = 0x00000032)   returns 0x00 (0000ms, 1675ms total)
T3360 685:217 JLINK_EMU_GetList(InterfaceMask = 0x00000001, MaxInfos = 0x00000032)   returns 0x00 (0000ms, 1675ms total)
T3360 686:245 JLINK_EMU_GetList(InterfaceMask = 0x00000001, MaxInfos = 0x00000032)   returns 0x00 (0001ms, 1676ms total)
T3360 687:272 JLINK_EMU_GetList(InterfaceMask = 0x00000001, MaxInfos = 0x00000032)   returns 0x00 (0000ms, 1676ms total)
T3360 688:300 JLINK_EMU_GetList(InterfaceMask = 0x00000001, MaxInfos = 0x00000032)   returns 0x00 (0000ms, 1676ms total)
T3360 689:328 JLINK_EMU_GetList(InterfaceMask = 0x00000001, MaxInfos = 0x00000032)   returns 0x00 (0000ms, 1676ms total)
T3360 690:355 JLINK_EMU_GetList(InterfaceMask = 0x00000001, MaxInfos = 0x00000032)   returns 0x00 (0000ms, 1676ms total)
T3360 691:379 JLINK_EMU_GetList(InterfaceMask = 0x00000001, MaxInfos = 0x00000032)   returns 0x00 (0000ms, 1676ms total)
T3360 692:407 JLINK_EMU_GetList(InterfaceMask = 0x00000001, MaxInfos = 0x00000032)   returns 0x00 (0000ms, 1676ms total)
T3360 693:435 JLINK_EMU_GetList(InterfaceMask = 0x00000001, MaxInfos = 0x00000032)   returns 0x00 (0000ms, 1676ms total)
T3360 694:461 JLINK_EMU_GetList(InterfaceMask = 0x00000001, MaxInfos = 0x00000032)   returns 0x00 (0001ms, 1677ms total)
T3360 695:489 JLINK_EMU_GetList(InterfaceMask = 0x00000001, MaxInfos = 0x00000032)   returns 0x00 (0001ms, 1678ms total)
T3360 696:517 JLINK_EMU_GetList(InterfaceMask = 0x00000001, MaxInfos = 0x00000032)   returns 0x00 (0000ms, 1678ms total)
T3360 697:544 JLINK_EMU_GetList(InterfaceMask = 0x00000001, MaxInfos = 0x00000032)   returns 0x00 (0001ms, 1679ms total)
T3360 698:572 JLINK_EMU_GetList(InterfaceMask = 0x00000001, MaxInfos = 0x00000032)   returns 0x00 (0001ms, 1680ms total)
T3360 699:618 JLINK_EMU_GetList(InterfaceMask = 0x00000001, MaxInfos = 0x00000032)   returns 0x00 (0000ms, 1680ms total)
T3360 700:642 JLINK_EMU_GetList(InterfaceMask = 0x00000001, MaxInfos = 0x00000032)   returns 0x00 (0000ms, 1680ms total)
T3360 701:670 JLINK_EMU_GetList(InterfaceMask = 0x00000001, MaxInfos = 0x00000032)   returns 0x00 (0000ms, 1680ms total)
T3360 702:697 JLINK_EMU_GetList(InterfaceMask = 0x00000001, MaxInfos = 0x00000032)   returns 0x00 (0000ms, 1680ms total)
T3360 703:723 JLINK_EMU_GetList(InterfaceMask = 0x00000001, MaxInfos = 0x00000032)   returns 0x00 (0001ms, 1681ms total)
T3360 704:749 JLINK_EMU_GetList(InterfaceMask = 0x00000001, MaxInfos = 0x00000032)   returns 0x00 (0000ms, 1681ms total)
T3360 705:776 JLINK_EMU_GetList(InterfaceMask = 0x00000001, MaxInfos = 0x00000032)   returns 0x00 (0001ms, 1682ms total)
T3360 706:804 JLINK_EMU_GetList(InterfaceMask = 0x00000001, MaxInfos = 0x00000032)   returns 0x00 (0000ms, 1682ms total)
T3360 707:832 JLINK_EMU_GetList(InterfaceMask = 0x00000001, MaxInfos = 0x00000032)   returns 0x00 (0000ms, 1682ms total)
T3360 708:860 JLINK_EMU_GetList(InterfaceMask = 0x00000001, MaxInfos = 0x00000032)   returns 0x00 (0001ms, 1683ms total)
T3360 709:884 JLINK_EMU_GetList(InterfaceMask = 0x00000001, MaxInfos = 0x00000032)   returns 0x00 (0000ms, 1683ms total)
T3360 710:911 JLINK_EMU_GetList(InterfaceMask = 0x00000001, MaxInfos = 0x00000032)   returns 0x00 (0000ms, 1683ms total)
T3360 711:938 JLINK_EMU_GetList(InterfaceMask = 0x00000001, MaxInfos = 0x00000032)   returns 0x00 (0000ms, 1683ms total)
T3360 712:965 JLINK_EMU_GetList(InterfaceMask = 0x00000001, MaxInfos = 0x00000032)   returns 0x00 (0000ms, 1683ms total)
T3360 713:991 JLINK_EMU_GetList(InterfaceMask = 0x00000001, MaxInfos = 0x00000032)   returns 0x00 (0001ms, 1684ms total)
T3360 715:020 JLINK_EMU_GetList(InterfaceMask = 0x00000001, MaxInfos = 0x00000032)   returns 0x00 (0000ms, 1684ms total)
T3360 716:047 JLINK_EMU_GetList(InterfaceMask = 0x00000001, MaxInfos = 0x00000032)   returns 0x00 (0000ms, 1684ms total)
T3360 717:074 JLINK_EMU_GetList(InterfaceMask = 0x00000001, MaxInfos = 0x00000032)   returns 0x00 (0000ms, 1684ms total)
T3360 718:102 JLINK_EMU_GetList(InterfaceMask = 0x00000001, MaxInfos = 0x00000032)   returns 0x00 (0001ms, 1685ms total)
T3360 719:131 JLINK_EMU_GetList(InterfaceMask = 0x00000001, MaxInfos = 0x00000032)   returns 0x00 (0000ms, 1685ms total)
T3360 720:159 JLINK_EMU_GetList(InterfaceMask = 0x00000001, MaxInfos = 0x00000032)   returns 0x00 (0000ms, 1685ms total)
T3360 721:186 JLINK_EMU_GetList(InterfaceMask = 0x00000001, MaxInfos = 0x00000032)   returns 0x00 (0001ms, 1686ms total)
T3360 722:213 JLINK_EMU_GetList(InterfaceMask = 0x00000001, MaxInfos = 0x00000032)   returns 0x00 (0000ms, 1686ms total)
T3360 723:240 JLINK_EMU_GetList(InterfaceMask = 0x00000001, MaxInfos = 0x00000032)   returns 0x00 (0000ms, 1686ms total)
T3360 724:268 JLINK_EMU_GetList(InterfaceMask = 0x00000001, MaxInfos = 0x00000032)   returns 0x00 (0000ms, 1686ms total)
T3360 725:295 JLINK_EMU_GetList(InterfaceMask = 0x00000001, MaxInfos = 0x00000032)   returns 0x00 (0001ms, 1687ms total)
T3360 726:324 JLINK_EMU_GetList(InterfaceMask = 0x00000001, MaxInfos = 0x00000032)   returns 0x00 (0000ms, 1687ms total)
T3360 727:347 JLINK_EMU_GetList(InterfaceMask = 0x00000001, MaxInfos = 0x00000032)   returns 0x00 (0000ms, 1687ms total)
T3360 728:373 JLINK_EMU_GetList(InterfaceMask = 0x00000001, MaxInfos = 0x00000032)   returns 0x00 (0001ms, 1688ms total)
T3360 729:400 JLINK_EMU_GetList(InterfaceMask = 0x00000001, MaxInfos = 0x00000032)   returns 0x00 (0001ms, 1689ms total)
T3360 730:429 JLINK_EMU_GetList(InterfaceMask = 0x00000001, MaxInfos = 0x00000032)   returns 0x00 (0000ms, 1689ms total)
T3360 731:457 JLINK_EMU_GetList(InterfaceMask = 0x00000001, MaxInfos = 0x00000032)   returns 0x00 (0000ms, 1689ms total)
T3360 732:483 JLINK_EMU_GetList(InterfaceMask = 0x00000001, MaxInfos = 0x00000032)   returns 0x00 (0000ms, 1689ms total)
T3360 733:511 JLINK_EMU_GetList(InterfaceMask = 0x00000001, MaxInfos = 0x00000032)   returns 0x00 (0000ms, 1690ms total)
T3360 734:539 JLINK_EMU_GetList(InterfaceMask = 0x00000001, MaxInfos = 0x00000032)   returns 0x00 (0000ms, 1690ms total)
T3360 735:567 JLINK_EMU_GetList(InterfaceMask = 0x00000001, MaxInfos = 0x00000032)   returns 0x00 (0000ms, 1690ms total)
T3360 736:592 JLINK_EMU_GetList(InterfaceMask = 0x00000001, MaxInfos = 0x00000032)   returns 0x00 (0000ms, 1690ms total)
T3360 737:617 JLINK_EMU_GetList(InterfaceMask = 0x00000001, MaxInfos = 0x00000032)   returns 0x00 (0000ms, 1690ms total)
T3360 738:644 JLINK_EMU_GetList(InterfaceMask = 0x00000001, MaxInfos = 0x00000032)   returns 0x00 (0000ms, 1690ms total)
T3360 739:671 JLINK_EMU_GetList(InterfaceMask = 0x00000001, MaxInfos = 0x00000032)   returns 0x00 (0000ms, 1690ms total)
T3360 740:699 JLINK_EMU_GetList(InterfaceMask = 0x00000001, MaxInfos = 0x00000032)   returns 0x00 (0000ms, 1690ms total)
T3360 741:726 JLINK_EMU_GetList(InterfaceMask = 0x00000001, MaxInfos = 0x00000032)   returns 0x00 (0001ms, 1691ms total)
T3360 742:755 JLINK_EMU_GetList(InterfaceMask = 0x00000001, MaxInfos = 0x00000032)   returns 0x00 (0000ms, 1691ms total)
T3360 743:783 JLINK_EMU_GetList(InterfaceMask = 0x00000001, MaxInfos = 0x00000032)   returns 0x00 (0000ms, 1691ms total)
T3360 744:811 JLINK_EMU_GetList(InterfaceMask = 0x00000001, MaxInfos = 0x00000032)   returns 0x00 (0000ms, 1691ms total)
T3360 745:839 JLINK_EMU_GetList(InterfaceMask = 0x00000001, MaxInfos = 0x00000032)   returns 0x00 (0001ms, 1692ms total)
T3360 746:867 JLINK_EMU_GetList(InterfaceMask = 0x00000001, MaxInfos = 0x00000032)   returns 0x00 (0000ms, 1692ms total)
T3360 747:895 JLINK_EMU_GetList(InterfaceMask = 0x00000001, MaxInfos = 0x00000032)   returns 0x00 (0001ms, 1693ms total)
T3360 748:923 JLINK_EMU_GetList(InterfaceMask = 0x00000001, MaxInfos = 0x00000032)   returns 0x00 (0000ms, 1693ms total)
T3360 749:965 JLINK_EMU_GetList(InterfaceMask = 0x00000001, MaxInfos = 0x00000032)   returns 0x00 (0000ms, 1693ms total)
T3360 750:993 JLINK_EMU_GetList(InterfaceMask = 0x00000001, MaxInfos = 0x00000032)   returns 0x00 (0000ms, 1693ms total)
T3360 752:021 JLINK_EMU_GetList(InterfaceMask = 0x00000001, MaxInfos = 0x00000032)   returns 0x00 (0000ms, 1693ms total)
T3360 753:049 JLINK_EMU_GetList(InterfaceMask = 0x00000001, MaxInfos = 0x00000032)   returns 0x00 (0000ms, 1693ms total)
T3360 754:076 JLINK_EMU_GetList(InterfaceMask = 0x00000001, MaxInfos = 0x00000032)   returns 0x00 (0000ms, 1693ms total)
T3360 755:101 JLINK_EMU_GetList(InterfaceMask = 0x00000001, MaxInfos = 0x00000032)   returns 0x00 (0000ms, 1693ms total)
T3360 756:128 JLINK_EMU_GetList(InterfaceMask = 0x00000001, MaxInfos = 0x00000032)   returns 0x00 (0000ms, 1693ms total)
T3360 757:155 JLINK_EMU_GetList(InterfaceMask = 0x00000001, MaxInfos = 0x00000032)   returns 0x00 (0001ms, 1694ms total)
T3360 758:183 JLINK_EMU_GetList(InterfaceMask = 0x00000001, MaxInfos = 0x00000032)   returns 0x00 (0000ms, 1694ms total)
T3360 759:210 JLINK_EMU_GetList(InterfaceMask = 0x00000001, MaxInfos = 0x00000032)   returns 0x00 (0000ms, 1694ms total)
T3360 760:235 JLINK_EMU_GetList(InterfaceMask = 0x00000001, MaxInfos = 0x00000032)   returns 0x00 (0000ms, 1694ms total)
T3360 761:260 JLINK_EMU_GetList(InterfaceMask = 0x00000001, MaxInfos = 0x00000032)   returns 0x00 (0000ms, 1694ms total)
T3360 762:289 JLINK_EMU_GetList(InterfaceMask = 0x00000001, MaxInfos = 0x00000032)   returns 0x00 (0000ms, 1694ms total)
T3360 763:318 JLINK_EMU_GetList(InterfaceMask = 0x00000001, MaxInfos = 0x00000032)   returns 0x00 (0000ms, 1694ms total)
T3360 764:347 JLINK_EMU_GetList(InterfaceMask = 0x00000001, MaxInfos = 0x00000032)   returns 0x00 (0000ms, 1694ms total)
T3360 765:373 JLINK_EMU_GetList(InterfaceMask = 0x00000001, MaxInfos = 0x00000032)   returns 0x00 (0000ms, 1694ms total)
T3360 766:400 JLINK_EMU_GetList(InterfaceMask = 0x00000001, MaxInfos = 0x00000032)   returns 0x00 (0000ms, 1694ms total)
T3360 767:426 JLINK_EMU_GetList(InterfaceMask = 0x00000001, MaxInfos = 0x00000032)   returns 0x00 (0000ms, 1694ms total)
T3360 768:451 JLINK_EMU_GetList(InterfaceMask = 0x00000001, MaxInfos = 0x00000032)   returns 0x00 (0000ms, 1694ms total)
T3360 769:477 JLINK_EMU_GetList(InterfaceMask = 0x00000001, MaxInfos = 0x00000032)   returns 0x00 (0001ms, 1695ms total)
T3360 770:501 JLINK_EMU_GetList(InterfaceMask = 0x00000001, MaxInfos = 0x00000032)   returns 0x00 (0000ms, 1695ms total)
T3360 771:525 JLINK_EMU_GetList(InterfaceMask = 0x00000001, MaxInfos = 0x00000032)   returns 0x00 (0000ms, 1695ms total)
T3360 772:552 JLINK_EMU_GetList(InterfaceMask = 0x00000001, MaxInfos = 0x00000032)   returns 0x00 (0000ms, 1695ms total)
T3360 773:577 JLINK_EMU_GetList(InterfaceMask = 0x00000001, MaxInfos = 0x00000032)   returns 0x00 (0000ms, 1695ms total)
T3360 774:604 JLINK_EMU_GetList(InterfaceMask = 0x00000001, MaxInfos = 0x00000032)   returns 0x00 (0000ms, 1695ms total)
T3360 775:628 JLINK_EMU_GetList(InterfaceMask = 0x00000001, MaxInfos = 0x00000032)   returns 0x00 (0000ms, 1695ms total)
T3360 776:657 JLINK_EMU_GetList(InterfaceMask = 0x00000001, MaxInfos = 0x00000032)   returns 0x00 (0000ms, 1695ms total)
T3360 777:680 JLINK_EMU_GetList(InterfaceMask = 0x00000001, MaxInfos = 0x00000032)   returns 0x00 (0000ms, 1695ms total)
T3360 778:707 JLINK_EMU_GetList(InterfaceMask = 0x00000001, MaxInfos = 0x00000032)   returns 0x00 (0000ms, 1695ms total)
T3360 779:730 JLINK_EMU_GetList(InterfaceMask = 0x00000001, MaxInfos = 0x00000032)   returns 0x00 (0000ms, 1695ms total)
T3360 780:751 JLINK_EMU_GetList(InterfaceMask = 0x00000001, MaxInfos = 0x00000032)   returns 0x00 (0000ms, 1695ms total)
T3360 781:779 JLINK_EMU_GetList(InterfaceMask = 0x00000001, MaxInfos = 0x00000032)   returns 0x00 (0000ms, 1695ms total)
T3360 782:804 JLINK_EMU_GetList(InterfaceMask = 0x00000001, MaxInfos = 0x00000032)   returns 0x00 (0000ms, 1695ms total)
T3360 783:830 JLINK_EMU_GetList(InterfaceMask = 0x00000001, MaxInfos = 0x00000032)   returns 0x00 (0000ms, 1696ms total)
T275C 818:187 JLINK_Close() (0087ms, 1783ms total)
T275C 818:187  (0087ms, 1783ms total)
T275C 818:187 Closed (0087ms, 1783ms total)
