T246C 034:377.221   SEGGER J-Link V7.52a Log File
T246C 034:377.393   DLL Compiled: Jul 28 2021 11:08:12
T246C 034:377.415   Logging started @ 2025-04-29 21:41
T246C 034:377.435 - 34377.445ms
T246C 034:381.015 JLINK_ExecCommand("Device = AT91SAM3S1B", ...). 
T246C 034:381.183   Device "ATSAM3S1B" selected.
T246C 034:381.507 - 0.456ms returns 0x00
T246C 034:401.557 JLINK_TIF_Select(JLINKARM_TIF_JTAG)
T246C 034:406.214 - 4.699ms returns 0x00
T246C 034:406.278 JLINK_ConfigJTAG(IRPre = 0, DRPre = 0)
T246C 034:406.350 - 0.086ms
T246C 034:406.422 JLINK_SetSpeed(4000)
T246C 034:406.951 - 0.546ms
T246C 034:406.984 JLINK_ResetPullsRESET(OFF)
T246C 034:407.004 - 0.029ms
T246C 034:407.026 JLINK_Connect()
T246C 034:409.868   TotalIRLen = 4, IRPrint = 0x01
T246C 034:411.470   JTAG chain detection found 1 devices:
T246C 034:411.497    #0 Id: 0x4BA00477, IRLen: 04, CoreSight JTAG-DP
T246C 034:424.130   Old FW that does not support reading DPIDR via DAP jobs
T246C 034:435.505   DPv0 detected
T246C 034:435.537   Scanning AP map to find all available APs
T246C 034:444.575   AP[1]: Stopped AP scan as end of AP map has been reached
T246C 034:444.612   AP[0]: AHB-AP (IDR: 0x24770011)
T246C 034:444.632   Iterating through AP map to find AHB-AP to use
T246C 034:459.741   AP[0]: Core found
T246C 034:459.780   AP[0]: AHB-AP ROM base: 0xE00FF000
T246C 034:467.286   CPUID register: 0x412FC230. Implementer code: 0x41 (ARM)
T246C 034:467.317   Found Cortex-M3 r2p0, Little endian.
T246C 034:469.229   -- Max. mem block: 0x000023B8
T246C 034:470.143   CPU_ReadMem(4 bytes @ 0xE000EDF0)
T246C 034:473.497   CPU_ReadMem(4 bytes @ 0xE0002000)
T246C 034:474.606   FPUnit: 6 code (BP) slots and 2 literal slots
T246C 034:474.622   CPU_ReadMem(4 bytes @ 0xE000EDFC)
T246C 034:475.347   CPU_ReadMem(4 bytes @ 0xE0001000)
T246C 034:476.104   CPU_WriteMem(4 bytes @ 0xE0001000)
T246C 034:476.825   CPU_ReadMem(4 bytes @ 0xE000ED88)
T246C 034:477.626   CPU_WriteMem(4 bytes @ 0xE000ED88)
T246C 034:478.411   CPU_ReadMem(4 bytes @ 0xE000ED88)
T246C 034:479.143   CPU_WriteMem(4 bytes @ 0xE000ED88)
T246C 034:479.851   CoreSight components:
T246C 034:479.879   ROMTbl[0] @ E00FF000
T246C 034:479.906   CPU_ReadMem(64 bytes @ 0xE00FF000)
T246C 034:480.951   CPU_ReadMem(32 bytes @ 0xE000EFE0)
T246C 034:482.199   ROMTbl[0][0]: E000E000, CID: B105E00D, PID: 002BB000 SCS
T246C 034:482.217   CPU_ReadMem(32 bytes @ 0xE0001FE0)
T246C 034:483.520   ROMTbl[0][1]: E0001000, CID: B105E00D, PID: 002BB002 DWT
T246C 034:483.552   CPU_ReadMem(32 bytes @ 0xE0002FE0)
T246C 034:484.875   ROMTbl[0][2]: E0002000, CID: B105E00D, PID: 002BB003 FPB
T246C 034:484.913   CPU_ReadMem(32 bytes @ 0xE0000FE0)
T246C 034:486.181   ROMTbl[0][3]: E0000000, CID: B105E00D, PID: 002BB001 ITM
T246C 034:486.201   CPU_ReadMem(32 bytes @ 0xE0040FE0)
T246C 034:487.554   ROMTbl[0][4]: E0040000, CID: B105900D, PID: 002BB923 TPIU-Lite
T246C 034:487.605 - 80.585ms returns 0x00
T246C 034:487.938 JLINK_Halt()
T246C 034:492.784 - 4.858ms returns 0x00
T246C 034:496.614 JLINK_BeginDownload(Flags = 0x00000000)
T246C 034:496.631 - 0.020ms
T246C 034:496.655 JLINK_WriteMem(0x400E0A04, 0x4 Bytes, ...)
T246C 034:496.664   Data:  0B 01 00 5A
T246C 034:498.315   CPU_WriteMem(4 bytes @ 0x400E0A04)
T246C 034:499.441 - 2.795ms returns 0x4
T246C 034:500.437 JLINK_EndDownload()
T246C 034:500.453 - 0.019ms returns 0 (0x0)
T246C 034:500.463 JLINK_ReadMemHW(0x400E0A08, 0x0004 Bytes, ...)
T246C 034:500.478   CPU_ReadMem(4 bytes @ 0x400E0A08)
T246C 034:501.221   Data:  01 00 00 00
T246C 034:501.243 - 0.783ms returns 0
T246C 034:501.286 JLINK_SetResetType(JLINKARM_CM3_RESET_TYPE_NORMAL)
T246C 034:501.295 - 0.012ms returns JLINKARM_CM3_RESET_TYPE_NORMAL
T246C 034:501.305 JLINK_Reset()
T246C 034:503.127   CPU_ReadMem(16 bytes @ 0x20000000)
T246C 034:504.017   CPU_WriteMem(16 bytes @ 0x20000000)
T246C 034:505.298   CPU_ReadMem(4 bytes @ 0xE000EDFC)
T246C 034:506.026   CPU_WriteMem(4 bytes @ 0xE000EDFC)
T246C 034:506.746   CPU_ReadMem(4 bytes @ 0xE0001000)
T246C 034:524.718   CPU_WriteMem(4 bytes @ 0xE000ED0C)
T246C 034:525.963   CPU_ReadMem(4 bytes @ 0xE000EDF0)
T246C 034:526.787   CPU_ReadMem(4 bytes @ 0xE000EDF0)
T246C 034:527.587   CPU_WriteMem(4 bytes @ 0xE000EDFC)
T246C 034:528.849   CPU_WriteMem(16 bytes @ 0x20000000)
T246C 034:533.323   CPU_WriteMem(4 bytes @ 0xE0002000)
T246C 034:534.088   CPU_ReadMem(4 bytes @ 0xE000EDFC)
T246C 034:534.953   CPU_ReadMem(4 bytes @ 0xE0001000)
T246C 034:536.252 - 34.956ms
T246C 034:541.522 JLINK_JTAG_GetDeviceID(DeviceIndex = 0)
T246C 034:541.561 - 0.043ms returns 1268778103
T246C 034:541.573 JLINK_ReadMemU32(0x400E0740, 0x1 Items)
T246C 034:541.593   CPU_ReadMem(4 bytes @ 0x400E0740)
T246C 034:542.655   Data:  61 05 99 28
T246C 034:542.672 - 1.102ms returns 1 (0x1)
T246C 034:542.720 JLINK_ReadMemU32(0x400E0744, 0x1 Items)
T246C 034:542.735   CPU_ReadMem(4 bytes @ 0x400E0744)
T246C 034:544.013   Data:  00 00 00 00
T246C 034:544.029 - 1.313ms returns 1 (0x1)
T246C 034:544.418 JLINK_BeginDownload(Flags = 0x00000000)
T246C 034:544.444 - 0.030ms
T246C 034:544.509 JLINK_WriteMem(0x400E0A04, 0x4 Bytes, ...)
T246C 034:544.524   Data:  05 00 00 5A
T246C 034:544.542   CPU_WriteMem(4 bytes @ 0x400E0A04)
T246C 034:545.242 - 0.741ms returns 0x4
T246C 034:545.282 JLINK_EndDownload()
T246C 034:545.293 - 0.014ms returns 0 (0x0)
T246C 034:545.302 JLINK_ReadMemHW(0x400E0A08, 0x0004 Bytes, ...)
T246C 034:545.313   CPU_ReadMem(4 bytes @ 0x400E0A08)
T246C 034:546.021   Data:  00 00 00 00
T246C 034:546.040 - 0.742ms returns 0
T246C 034:546.466 JLINK_ReadMemHW(0x400E0A08, 0x0004 Bytes, ...)
T246C 034:546.501   CPU_ReadMem(4 bytes @ 0x400E0A08)
T246C 034:547.382   Data:  00 00 00 00
T246C 034:547.399 - 0.936ms returns 0
T246C 034:551.452 JLINK_ReadMemHW(0x400E0A08, 0x0004 Bytes, ...)
T246C 034:551.474   CPU_ReadMem(4 bytes @ 0x400E0A08)
T246C 034:552.650   Data:  00 00 00 00
T246C 034:552.666 - 1.218ms returns 0
T02F8 034:552.707 JLINK_IsHalted()
T02F8 034:552.735 - 0.032ms returns TRUE
T02F8 034:553.057 JLINK_GetMOEs(...)
T02F8 034:553.073   CPU_ReadMem(4 bytes @ 0xE000ED30)
T02F8 034:553.984 - 0.936ms returns 0x01
T02F8 034:554.007 JLINK_ReadReg(R15 (PC))
T02F8 034:554.260 - 0.258ms returns 0x00400A18
T246C 034:570.390 JLINK_ReadMemHW(0x400E0A08, 0x0004 Bytes, ...)
T246C 034:570.436   CPU_ReadMem(4 bytes @ 0x400E0A08)
T246C 034:571.635   Data:  01 00 00 00
T246C 034:571.653 - 1.267ms returns 0
T02F8 034:755.565 JLINK_IsHalted()
T02F8 034:755.613 - 0.057ms returns TRUE
T246C 034:756.740 JLINK_ResetPullsRESET(ON)
T246C 034:756.780 - 0.048ms
T246C 034:756.800 JLINK_ResetNoHalt()
T246C 034:760.151   TotalIRLen = 4, IRPrint = 0x01
T246C 034:761.813   JTAG chain detection found 1 devices:
T246C 034:761.881    #0 Id: 0x4BA00477, IRLen: 04, CoreSight JTAG-DP
T246C 034:774.273   Old FW that does not support reading DPIDR via DAP jobs
T246C 034:785.561   DPv0 detected
T246C 034:785.602   AP map detection skipped. Manually configured AP map found.
T246C 034:785.622   AP[0]: AHB-AP (IDR: Not set)
T246C 034:800.670   AP[0]: Core found
T246C 034:800.698   AP[0]: AHB-AP ROM base: 0xE00FF000
T246C 034:808.291   CPUID register: 0x412FC230. Implementer code: 0x41 (ARM)
T246C 034:808.317   Found Cortex-M3 r2p0, Little endian.
T246C 034:808.887   -- Max. mem block: 0x00001F48
T246C 034:808.909   CPU_ReadMem(4 bytes @ 0xE000EDF0)
T246C 034:809.966   CPU_ReadMem(4 bytes @ 0xE0002000)
T246C 034:811.255   FPUnit: 6 code (BP) slots and 2 literal slots
T246C 034:811.274   CPU_ReadMem(4 bytes @ 0xE000EDFC)
T246C 034:812.000   CPU_ReadMem(4 bytes @ 0xE0001000)
T246C 034:812.748   CPU_ReadMem(4 bytes @ 0xE000ED88)
T246C 034:813.554   CPU_WriteMem(4 bytes @ 0xE000ED88)
T246C 034:814.210   CPU_ReadMem(4 bytes @ 0xE000ED88)
T246C 034:815.071   CPU_WriteMem(4 bytes @ 0xE000ED88)
T246C 034:815.797   CoreSight components:
T246C 034:815.820   ROMTbl[0] @ E00FF000
T246C 034:815.833   CPU_ReadMem(64 bytes @ 0xE00FF000)
T246C 034:817.854   CPU_ReadMem(32 bytes @ 0xE000EFE0)
T246C 034:819.254   ROMTbl[0][0]: E000E000, CID: B105E00D, PID: 002BB000 SCS
T246C 034:819.337   CPU_WriteMem(4 bytes @ 0xE0001000)
T246C 034:820.256   CPU_ReadMem(32 bytes @ 0xE0001FE0)
T246C 034:821.344   ROMTbl[0][1]: E0001000, CID: B105E00D, PID: 002BB002 DWT
T246C 034:821.360   CPU_ReadMem(32 bytes @ 0xE0002FE0)
T246C 034:822.793   ROMTbl[0][2]: E0002000, CID: B105E00D, PID: 002BB003 FPB
T246C 034:822.808   CPU_ReadMem(32 bytes @ 0xE0000FE0)
T246C 034:824.052   ROMTbl[0][3]: E0000000, CID: B105E00D, PID: 002BB001 ITM
T246C 034:824.068   CPU_ReadMem(32 bytes @ 0xE0040FE0)
T246C 034:825.443   ROMTbl[0][4]: E0040000, CID: B105900D, PID: 002BB923 TPIU-Lite
T246C 034:825.465   JLINK_Reset()
T246C 034:826.220     CPU_ReadMem(16 bytes @ 0x20000000)
T246C 034:827.377     CPU_WriteMem(16 bytes @ 0x20000000)
T246C 034:828.648     CPU_ReadMem(4 bytes @ 0xE000EDFC)
T246C 034:829.817     CPU_WriteMem(4 bytes @ 0xE000EDFC)
T246C 034:830.588     CPU_ReadMem(4 bytes @ 0xE0001000)
T246C 034:831.932     CPU_WriteMem(4 bytes @ 0xE0001004)
T246C 034:850.759     CPU_WriteMem(4 bytes @ 0xE000ED0C)
T246C 034:851.906     CPU_ReadMem(4 bytes @ 0xE000EDF0)
T246C 034:853.273     CPU_ReadMem(4 bytes @ 0xE000EDF0)
T246C 034:854.669     CPU_WriteMem(4 bytes @ 0xE000EDFC)
T246C 034:856.213     CPU_WriteMem(16 bytes @ 0x20000000)
T246C 034:862.121     CPU_WriteMem(4 bytes @ 0xE0002000)
T246C 034:863.230     CPU_ReadMem(4 bytes @ 0xE000EDFC)
T246C 034:864.798     CPU_ReadMem(4 bytes @ 0xE0001000)
T246C 034:866.179   - 40.748ms
T246C 034:866.231   JLINK_Go()
T246C 034:866.256     CPU_ReadMem(4 bytes @ 0xE0001000)
T246C 034:867.481     CPU_WriteMem(4 bytes @ 0xE0001004)
T246C 034:870.091   - 3.895ms
T246C 034:870.137 - 113.345ms
T246C 034:871.326 JLINK_TIF_Select(JLINKARM_TIF_JTAG)
T246C 034:871.357 - 0.039ms returns 0x00
T246C 034:871.378 JLINK_ConfigJTAG(IRPre = 0, DRPre = 0)
T246C 034:871.394 - 0.023ms
T246C 034:871.413 JLINK_SetSpeed(4000)
T246C 034:871.947 - 0.558ms
T246C 034:871.991 JLINK_ResetPullsRESET(OFF)
T246C 034:872.010 - 0.026ms
T246C 034:872.029 JLINK_Connect()
T246C 034:875.003   TotalIRLen = 4, IRPrint = 0x01
T246C 034:876.580   JTAG chain detection found 1 devices:
T246C 034:876.641    #0 Id: 0x4BA00477, IRLen: 04, CoreSight JTAG-DP
T246C 034:889.147   Old FW that does not support reading DPIDR via DAP jobs
T246C 034:900.496   DPv0 detected
T246C 034:900.521   AP map detection skipped. Manually configured AP map found.
T246C 034:900.548   AP[0]: AHB-AP (IDR: Not set)
T246C 034:915.584   AP[0]: Core found
T246C 034:915.621   AP[0]: AHB-AP ROM base: 0xE00FF000
T246C 034:923.151   CPUID register: 0x412FC230. Implementer code: 0x41 (ARM)
T246C 034:923.174   Found Cortex-M3 r2p0, Little endian.
T246C 034:923.753   -- Max. mem block: 0x00001F48
T246C 034:923.773   CPU_ReadMem(4 bytes @ 0xE000EDF0)
T246C 034:924.912   CPU_ReadMem(4 bytes @ 0xE0002000)
T246C 034:926.233   FPUnit: 6 code (BP) slots and 2 literal slots
T246C 034:926.248   CPU_ReadMem(4 bytes @ 0xE000EDFC)
T246C 034:927.537   CPU_ReadMem(4 bytes @ 0xE0001000)
T246C 034:928.883   CPU_WriteMem(4 bytes @ 0xE0001000)
T246C 034:930.160   CPU_ReadMem(4 bytes @ 0xE000ED88)
T246C 034:930.881   CPU_WriteMem(4 bytes @ 0xE000ED88)
T246C 034:931.606   CPU_ReadMem(4 bytes @ 0xE000ED88)
T246C 034:932.532   CPU_WriteMem(4 bytes @ 0xE000ED88)
T246C 034:933.737   CoreSight components:
T246C 034:933.768   ROMTbl[0] @ E00FF000
T246C 034:933.784   CPU_ReadMem(64 bytes @ 0xE00FF000)
T246C 034:935.821   CPU_ReadMem(32 bytes @ 0xE000EFE0)
T246C 034:937.360   ROMTbl[0][0]: E000E000, CID: B105E00D, PID: 002BB000 SCS
T246C 034:937.376   CPU_ReadMem(32 bytes @ 0xE0001FE0)
T246C 034:938.684   ROMTbl[0][1]: E0001000, CID: B105E00D, PID: 002BB002 DWT
T246C 034:938.702   CPU_ReadMem(32 bytes @ 0xE0002FE0)
T246C 034:940.074   ROMTbl[0][2]: E0002000, CID: B105E00D, PID: 002BB003 FPB
T246C 034:940.104   CPU_ReadMem(32 bytes @ 0xE0000FE0)
T246C 034:941.582   ROMTbl[0][3]: E0000000, CID: B105E00D, PID: 002BB001 ITM
T246C 034:941.613   CPU_ReadMem(32 bytes @ 0xE0040FE0)
T246C 034:942.832   ROMTbl[0][4]: E0040000, CID: B105900D, PID: 002BB923 TPIU-Lite
T246C 034:942.873 - 70.849ms returns 0x00
T246C 034:942.918 JLINK_Halt()
T246C 034:947.590 - 4.694ms returns 0x00
T246C 034:947.759 JLINK_BeginDownload(Flags = 0x00000000)
T246C 034:947.774 - 0.020ms
T246C 034:947.804 JLINK_WriteMem(0x400E0A04, 0x4 Bytes, ...)
T246C 034:947.816   Data:  0B 01 00 5A
T246C 034:948.297   CPU_WriteMem(4 bytes @ 0x400E0A04)
T246C 034:949.587 - 1.805ms returns 0x4
T246C 034:949.671 JLINK_EndDownload()
T246C 034:949.687 - 0.021ms returns 0 (0x0)
T246C 034:949.700 JLINK_ReadMemHW(0x400E0A08, 0x0004 Bytes, ...)
T246C 034:949.716   CPU_ReadMem(4 bytes @ 0x400E0A08)
T246C 034:950.991   Data:  01 00 00 00
T246C 034:951.023 - 1.327ms returns 0
T246C 034:951.088 JLINK_SetResetType(JLINKARM_CM3_RESET_TYPE_NORMAL)
T246C 034:951.100 - 0.016ms returns JLINKARM_CM3_RESET_TYPE_NORMAL
T246C 034:951.111 JLINK_Reset()
T246C 034:951.150   CPU_ReadMem(16 bytes @ 0x20000000)
T246C 034:952.307   CPU_WriteMem(16 bytes @ 0x20000000)
T246C 034:953.700   CPU_ReadMem(4 bytes @ 0xE000EDFC)
T246C 034:954.870   CPU_WriteMem(4 bytes @ 0xE000EDFC)
T246C 034:956.320   CPU_ReadMem(4 bytes @ 0xE0001000)
T246C 034:975.030   CPU_WriteMem(4 bytes @ 0xE000ED0C)
T246C 034:976.096   CPU_ReadMem(4 bytes @ 0xE000EDF0)
T246C 034:977.475   CPU_ReadMem(4 bytes @ 0xE000EDF0)
T246C 034:978.699   CPU_WriteMem(4 bytes @ 0xE000EDFC)
T246C 034:979.821   CPU_WriteMem(16 bytes @ 0x20000000)
T246C 034:984.941   CPU_WriteMem(4 bytes @ 0xE0002000)
T246C 034:986.472   CPU_ReadMem(4 bytes @ 0xE000EDFC)
T246C 034:987.744   CPU_ReadMem(4 bytes @ 0xE0001000)
T246C 034:989.187 - 38.097ms
T246C 034:990.327 JLINK_JTAG_GetDeviceID(DeviceIndex = 0)
T246C 034:990.346 - 0.022ms returns 1268778103
T246C 034:990.357 JLINK_ReadMemU32(0x400E0740, 0x1 Items)
T246C 034:990.389   CPU_ReadMem(4 bytes @ 0x400E0740)
T246C 034:991.300   Data:  61 05 99 28
T246C 034:991.316 - 0.962ms returns 1 (0x1)
T246C 034:991.347 JLINK_ReadMemU32(0x400E0744, 0x1 Items)
T246C 034:991.361   CPU_ReadMem(4 bytes @ 0x400E0744)
T246C 034:992.656   Data:  00 00 00 00
T246C 034:992.673 - 1.329ms returns 1 (0x1)
T3898 035:000.186 JLINK_IsHalted()
T3898 035:000.207 - 0.024ms returns TRUE
T3898 035:000.218 JLINK_GetMOEs(...)
T3898 035:000.230   CPU_ReadMem(4 bytes @ 0xE000ED30)
T3898 035:001.320 - 1.112ms returns 0x01
T3898 035:001.341 JLINK_ReadReg(R15 (PC))
T3898 035:001.353 - 0.016ms returns 0xFFFFFFFE
T246C 035:017.692 JLINK_BeginDownload(Flags = 0x00000000)
T246C 035:017.710 - 0.021ms
T246C 035:017.772 JLINK_WriteMem(0x00400000, 0x475C Bytes, ...)
T246C 035:017.783   Data:  20 36 00 20 25 08 40 00 23 08 40 00 23 08 40 00 ...
T246C 035:018.040   completely In flash
T246C 035:018.082    -- Read from flash cache (18268 bytes @ 0x00400000)
T246C 035:018.115 - 0.347ms returns 0x475C
T246C 035:018.756 JLINK_WriteMem(0x0040475C, 0x96C Bytes, ...)
T246C 035:018.776   Data:  BF F3 5F 8F 01 38 FB D1 70 47 00 00 4F F4 40 72 ...
T246C 035:018.808   completely In flash
T246C 035:018.838    -- Read from flash cache (2412 bytes @ 0x0040475C)
T246C 035:018.851 - 0.099ms returns 0x96C
T3898 035:204.220 JLINK_IsHalted()
T3898 035:204.270 - 0.058ms returns TRUE
T246C 035:205.347 JLINK_EndDownload()
T246C 035:205.940   Old firmware which does not support pausing periodic actions during flash download
T246C 035:205.986   CPU_ReadMem(4 bytes @ 0xE000ED90)
T246C 035:207.109   CPU_ReadMem(4 bytes @ 0xE000ED94)
T246C 035:208.686    -- --------------------------------------
T246C 035:209.219   Flash bank @ 0x00400000: Default: L2 verify disabled because algorithm performs L1 verify
T246C 035:209.269    -- Start of determining dirty areas in flash cache
T246C 035:209.365    -- End of determining dirty areas
T246C 035:209.392    -- Start of preparing flash programming
T246C 035:209.901    -- Calculating RAM usage
T246C 035:216.135    -- RAM usage = 3716 Bytes
T246C 035:216.181    -- Preserving CPU registers
T246C 035:216.723    -- Preparing memory
T246C 035:216.760    -- Preparing target
T246C 035:222.204    -- Preserving target RAM temporarily used for programming
T246C 035:244.784    -- Downloading RAMCode
T246C 035:267.023    -- Preparing RAMCode
T246C 035:277.982    -- Checking target RAM
T246C 035:284.868    -- End of preparing flash programming
T246C 035:285.085   Looking for J-Link GUI Server exe at: C:\Program Files (x86)\Atmel\Studio\7.0\atbackend\JLinkGUIServer.exe
T246C 035:285.256   Looking for J-Link GUI Server exe at: \JLinkGUIServer.exe
T246C 035:586.133   Failed to connect to J-Link GUI Server.
T246C 035:595.541    -- CPU speed could not be measured.
T246C 035:595.566    -- Start of comparing flash
T246C 035:595.578    -- CRC check was estimated as fastest method
T246C 035:595.594    -- Comparing range 0x400000 - 0x4050FF (81 Sectors, 20 KiB), using multi-block CRC calculation
T246C 035:634.350    -- CRC does not match for sectors 0-80
T246C 035:634.406    -- End of comparing flash
T246C 035:634.418    -- Start of erasing sectors
T246C 035:634.429    -- End of erasing sectors
T246C 035:634.441    -- Start of flash programming
T246C 035:634.453    -- Programming range 0x00400000 - 0x004050FF ( 81 Sectors, 20 KB)
T246C 035:858.052    -- End of flash programming
T246C 035:858.105    -- 0x400000 - 0x4050FF ( 81 Sectors, 20 KoB)
T246C 035:858.130    -- Start of restoring
T246C 035:858.154    -- Restoring RAMCode
T246C 035:877.939    -- Restoring target memory
T246C 035:909.140    -- Restore target
T246C 035:909.192    -- Restore memory
T246C 035:909.216    -- Restoring CPU registers
T246C 035:909.266    -- End of restoring
T246C 035:909.361    -- Bank 0 @ 0x00400000: 1 range affected (20736 bytes)
T246C 035:909.411    -- Total: 0.699s (Prepare: 0.386s, Compare: 0.038s, Erase: 0.000s, Program & Verify: 0.237s, Restore: 0.037s)
T246C 035:909.458    -- Program & Verify speed: 85 KiB/s
T246C 035:913.396 - 708.067ms returns 20736 (0x5100)
T246C 035:913.511 JLINK_ResetPullsRESET(ON)
T246C 035:913.521 - 0.014ms
T246C 035:913.532 JLINK_ResetNoHalt()
T246C 035:916.149   TotalIRLen = 4, IRPrint = 0x01
T246C 035:917.843   JTAG chain detection found 1 devices:
T246C 035:917.879    #0 Id: 0x4BA00477, IRLen: 04, CoreSight JTAG-DP
T246C 035:929.756   Old FW that does not support reading DPIDR via DAP jobs
T246C 035:941.145   DPv0 detected
T246C 035:941.180   AP map detection skipped. Manually configured AP map found.
T246C 035:941.199   AP[0]: AHB-AP (IDR: Not set)
T246C 035:956.336   AP[0]: Core found
T246C 035:956.372   AP[0]: AHB-AP ROM base: 0xE00FF000
T246C 035:963.980   CPUID register: 0x412FC230. Implementer code: 0x41 (ARM)
T246C 035:964.036   Found Cortex-M3 r2p0, Little endian.
T246C 035:964.530   -- Max. mem block: 0x00001F48
T246C 035:964.553   CPU_ReadMem(4 bytes @ 0xE000EDF0)
T246C 035:965.602   CPU_ReadMem(4 bytes @ 0xE0002000)
T246C 035:966.424   FPUnit: 6 code (BP) slots and 2 literal slots
T246C 035:966.444   CPU_ReadMem(4 bytes @ 0xE000EDFC)
T246C 035:967.697   CPU_ReadMem(4 bytes @ 0xE0001000)
T246C 035:968.359   CPU_ReadMem(4 bytes @ 0xE000ED88)
T246C 035:969.176   CPU_WriteMem(4 bytes @ 0xE000ED88)
T246C 035:969.898   CPU_ReadMem(4 bytes @ 0xE000ED88)
T246C 035:970.695   CPU_WriteMem(4 bytes @ 0xE000ED88)
T246C 035:971.412   CoreSight components:
T246C 035:971.437   ROMTbl[0] @ E00FF000
T246C 035:971.451   CPU_ReadMem(64 bytes @ 0xE00FF000)
T246C 035:972.890   CPU_ReadMem(32 bytes @ 0xE000EFE0)
T246C 035:974.262   ROMTbl[0][0]: E000E000, CID: B105E00D, PID: 002BB000 SCS
T246C 035:974.312   CPU_WriteMem(4 bytes @ 0xE0001000)
T246C 035:975.318   CPU_ReadMem(32 bytes @ 0xE0001FE0)
T246C 035:976.339   ROMTbl[0][1]: E0001000, CID: B105E00D, PID: 002BB002 DWT
T246C 035:976.358   CPU_ReadMem(32 bytes @ 0xE0002FE0)
T246C 035:977.736   ROMTbl[0][2]: E0002000, CID: B105E00D, PID: 002BB003 FPB
T246C 035:977.752   CPU_ReadMem(32 bytes @ 0xE0000FE0)
T246C 035:979.036   ROMTbl[0][3]: E0000000, CID: B105E00D, PID: 002BB001 ITM
T246C 035:979.052   CPU_ReadMem(32 bytes @ 0xE0040FE0)
T246C 035:980.320   ROMTbl[0][4]: E0040000, CID: B105900D, PID: 002BB923 TPIU-Lite
T246C 035:980.348   JLINK_Reset()
T246C 035:981.935     CPU_ReadMem(16 bytes @ 0x20000000)
T246C 035:983.098     CPU_WriteMem(16 bytes @ 0x20000000)
T246C 035:984.384     CPU_ReadMem(4 bytes @ 0xE000EDFC)
T246C 035:985.697     CPU_WriteMem(4 bytes @ 0xE000EDFC)
T246C 035:986.875     CPU_ReadMem(4 bytes @ 0xE0001000)
T246C 036:006.780     CPU_WriteMem(4 bytes @ 0xE000ED0C)
T246C 036:008.137     CPU_ReadMem(4 bytes @ 0xE000EDF0)
T246C 036:009.515     CPU_ReadMem(4 bytes @ 0xE000EDF0)
T246C 036:010.865     CPU_WriteMem(4 bytes @ 0xE000EDFC)
T246C 036:012.092     CPU_WriteMem(16 bytes @ 0x20000000)
T246C 036:017.620     CPU_WriteMem(4 bytes @ 0xE0002000)
T246C 036:019.005     CPU_ReadMem(4 bytes @ 0xE000EDFC)
T246C 036:020.482     CPU_ReadMem(4 bytes @ 0xE0001000)
T246C 036:021.591   - 41.267ms
T246C 036:021.633   JLINK_Go()
T246C 036:021.657     CPU_ReadMem(4 bytes @ 0xE0001000)
T246C 036:022.989     CPU_WriteMem(4 bytes @ 0xE0001004)
T246C 036:025.731   - 4.133ms
T246C 036:025.777 - 112.253ms
T246C 036:041.293 JLINK_Close()
T246C 036:088.546 - 47.272ms
T246C 036:088.571   
T246C 036:088.578   Closed
