T246C 184:470.726   SEGGER J-Link V7.52a Log File
T246C 184:470.793   DLL Compiled: Jul 28 2021 11:08:12
T246C 184:470.815   Logging started @ 2025-04-29 21:44
T246C 184:470.835 - 8332.405ms
T246C 184:475.416 JLINK_ExecCommand("Device = AT91SAM3S1B", ...). 
T246C 184:475.576   Device "ATSAM3S1B" selected.
T246C 184:475.907 - 0.483ms returns 0x00
T246C 184:491.547 JLINK_TIF_Select(JLINKARM_TIF_JTAG)
T246C 184:495.812 - 4.321ms returns 0x00
T246C 184:495.888 JLINK_ConfigJTAG(IRPre = 0, DRPre = 0)
T246C 184:495.935 - 0.059ms
T246C 184:495.960 JLINK_SetSpeed(4000)
T246C 184:496.560 - 0.655ms
T246C 184:496.631 JLINK_ResetPullsRESET(OFF)
T246C 184:496.651 - 0.029ms
T246C 184:496.672 JLINK_Connect()
T246C 184:499.578   TotalIRLen = 4, IRPrint = 0x01
T246C 184:502.262   JTAG chain detection found 1 devices:
T246C 184:502.297    #0 Id: 0x4BA00477, IRLen: 04, CoreSight JTAG-DP
T246C 184:514.342   Old FW that does not support reading DPIDR via DAP jobs
T246C 184:525.662   DPv0 detected
T246C 184:525.768   Scanning AP map to find all available APs
T246C 184:534.715   AP[1]: Stopped AP scan as end of AP map has been reached
T246C 184:534.755   AP[0]: AHB-AP (IDR: 0x24770011)
T246C 184:534.788   Iterating through AP map to find AHB-AP to use
T246C 184:549.792   AP[0]: Core found
T246C 184:549.845   AP[0]: AHB-AP ROM base: 0xE00FF000
T246C 184:557.422   CPUID register: 0x412FC230. Implementer code: 0x41 (ARM)
T246C 184:557.457   Found Cortex-M3 r2p0, Little endian.
T246C 184:558.813   -- Max. mem block: 0x000023B8
T246C 184:559.512   CPU_ReadMem(4 bytes @ 0xE000EDF0)
T246C 184:563.109   CPU_WriteMem(4 bytes @ 0xE000EDF0)
T246C 184:564.161   CPU_ReadMem(4 bytes @ 0xE0002000)
T246C 184:564.974   FPUnit: 6 code (BP) slots and 2 literal slots
T246C 184:564.990   CPU_ReadMem(4 bytes @ 0xE000EDFC)
T246C 184:565.713   CPU_WriteMem(4 bytes @ 0xE000EDFC)
T246C 184:566.397   CPU_ReadMem(4 bytes @ 0xE0001000)
T246C 184:567.250   CPU_WriteMem(4 bytes @ 0xE0001000)
T246C 184:567.923   CPU_ReadMem(4 bytes @ 0xE000ED88)
T246C 184:568.743   CPU_WriteMem(4 bytes @ 0xE000ED88)
T246C 184:569.428   CPU_ReadMem(4 bytes @ 0xE000ED88)
T246C 184:570.284   CPU_WriteMem(4 bytes @ 0xE000ED88)
T246C 184:570.972   CoreSight components:
T246C 184:570.995   ROMTbl[0] @ E00FF000
T246C 184:571.007   CPU_ReadMem(64 bytes @ 0xE00FF000)
T246C 184:572.107   CPU_ReadMem(32 bytes @ 0xE000EFE0)
T246C 184:573.365   ROMTbl[0][0]: E000E000, CID: B105E00D, PID: 002BB000 SCS
T246C 184:573.380   CPU_ReadMem(32 bytes @ 0xE0001FE0)
T246C 184:574.703   ROMTbl[0][1]: E0001000, CID: B105E00D, PID: 002BB002 DWT
T246C 184:574.718   CPU_ReadMem(32 bytes @ 0xE0002FE0)
T246C 184:575.991   ROMTbl[0][2]: E0002000, CID: B105E00D, PID: 002BB003 FPB
T246C 184:576.006   CPU_ReadMem(32 bytes @ 0xE0000FE0)
T246C 184:577.348   ROMTbl[0][3]: E0000000, CID: B105E00D, PID: 002BB001 ITM
T246C 184:577.364   CPU_ReadMem(32 bytes @ 0xE0040FE0)
T246C 184:578.619   ROMTbl[0][4]: E0040000, CID: B105900D, PID: 002BB923 TPIU-Lite
T246C 184:578.653 - 81.985ms returns 0x00
T246C 184:578.741 JLINK_Halt()
T246C 184:583.303 - 4.582ms returns 0x00
T246C 184:583.469 JLINK_BeginDownload(Flags = 0x00000000)
T246C 184:583.480 - 0.015ms
T246C 184:583.503 JLINK_WriteMem(0x400E0A04, 0x4 Bytes, ...)
T246C 184:583.512   Data:  0B 01 00 5A
T246C 184:584.277   CPU_WriteMem(4 bytes @ 0x400E0A04)
T246C 184:585.377 - 1.881ms returns 0x4
T246C 184:585.413 JLINK_EndDownload()
T246C 184:585.423 - 0.014ms returns 0 (0x0)
T246C 184:585.433 JLINK_ReadMemHW(0x400E0A08, 0x0004 Bytes, ...)
T246C 184:585.443   CPU_ReadMem(4 bytes @ 0x400E0A08)
T246C 184:586.772   Data:  01 00 00 00
T246C 184:586.786 - 1.356ms returns 0
T246C 184:586.817 JLINK_SetResetType(JLINKARM_CM3_RESET_TYPE_NORMAL)
T246C 184:586.825 - 0.012ms returns JLINKARM_CM3_RESET_TYPE_NORMAL
T246C 184:586.835 JLINK_Reset()
T246C 184:587.987   CPU_ReadMem(16 bytes @ 0x20000000)
T246C 184:588.900   CPU_WriteMem(16 bytes @ 0x20000000)
T246C 184:590.240   CPU_ReadMem(4 bytes @ 0xE000EDFC)
T246C 184:591.519   CPU_WriteMem(4 bytes @ 0xE000EDFC)
T246C 184:592.758   CPU_ReadMem(4 bytes @ 0xE0001000)
T246C 184:609.612   CPU_WriteMem(4 bytes @ 0xE000ED0C)
T246C 184:610.874   CPU_ReadMem(4 bytes @ 0xE000EDF0)
T246C 184:611.679   CPU_ReadMem(4 bytes @ 0xE000EDF0)
T246C 184:612.987   CPU_WriteMem(4 bytes @ 0xE000EDFC)
T246C 184:614.262   CPU_WriteMem(16 bytes @ 0x20000000)
T246C 184:619.422   CPU_WriteMem(4 bytes @ 0xE0002000)
T246C 184:620.685   CPU_ReadMem(4 bytes @ 0xE000EDFC)
T246C 184:621.532   CPU_ReadMem(4 bytes @ 0xE0001000)
T246C 184:622.810 - 35.995ms
T246C 184:624.588 JLINK_JTAG_GetDeviceID(DeviceIndex = 0)
T246C 184:624.621 - 0.041ms returns 1268778103
T246C 184:624.644 JLINK_ReadMemU32(0x400E0740, 0x1 Items)
T246C 184:624.675   CPU_ReadMem(4 bytes @ 0x400E0740)
T246C 184:625.861   Data:  61 05 99 28
T246C 184:625.898 - 1.262ms returns 1 (0x1)
T246C 184:626.055 JLINK_ReadMemU32(0x400E0744, 0x1 Items)
T246C 184:626.144   CPU_ReadMem(4 bytes @ 0x400E0744)
T246C 184:627.109   Data:  00 00 00 00
T246C 184:627.144 - 1.097ms returns 1 (0x1)
T246C 184:627.271 JLINK_BeginDownload(Flags = 0x00000000)
T246C 184:627.292 - 0.028ms
T246C 184:627.359 JLINK_WriteMem(0x400E0A04, 0x4 Bytes, ...)
T246C 184:627.385   Data:  05 00 00 5A
T246C 184:627.422   CPU_WriteMem(4 bytes @ 0x400E0A04)
T246C 184:628.379 - 1.040ms returns 0x4
T246C 184:628.463 JLINK_EndDownload()
T246C 184:628.487 - 0.032ms returns 0 (0x0)
T246C 184:628.508 JLINK_ReadMemHW(0x400E0A08, 0x0004 Bytes, ...)
T246C 184:628.530   CPU_ReadMem(4 bytes @ 0x400E0A08)
T246C 184:629.863   Data:  00 00 00 00
T246C 184:629.898 - 1.397ms returns 0
T4E9C 184:634.903 JLINK_IsHalted()
T4E9C 184:634.934 - 0.039ms returns TRUE
T4E9C 184:634.961 JLINK_GetMOEs(...)
T4E9C 184:634.982   CPU_ReadMem(4 bytes @ 0xE000ED30)
T4E9C 184:636.381 - 1.452ms returns 0x01
T4E9C 184:636.451 JLINK_ReadReg(R15 (PC))
T4E9C 184:636.477 - 0.035ms returns 0x00400824
T246C 184:636.509 JLINK_ReadMemHW(0x400E0A08, 0x0004 Bytes, ...)
T246C 184:636.558   CPU_ReadMem(4 bytes @ 0x400E0A08)
T246C 184:637.703   Data:  01 00 00 00
T246C 184:637.752 - 1.251ms returns 0
T4E9C 184:836.491 JLINK_IsHalted()
T4E9C 184:836.539 - 0.057ms returns TRUE
T246C 184:837.555 JLINK_ResetPullsRESET(ON)
T246C 184:837.590 - 0.043ms
T246C 184:837.611 JLINK_ResetNoHalt()
T246C 184:840.573   TotalIRLen = 4, IRPrint = 0x01
T246C 184:842.693   JTAG chain detection found 1 devices:
T246C 184:842.763    #0 Id: 0x4BA00477, IRLen: 04, CoreSight JTAG-DP
T246C 184:855.137   Old FW that does not support reading DPIDR via DAP jobs
T246C 184:866.469   DPv0 detected
T246C 184:866.506   AP map detection skipped. Manually configured AP map found.
T246C 184:866.526   AP[0]: AHB-AP (IDR: Not set)
T246C 184:881.558   AP[0]: Core found
T246C 184:881.586   AP[0]: AHB-AP ROM base: 0xE00FF000
T246C 184:889.104   CPUID register: 0x412FC230. Implementer code: 0x41 (ARM)
T246C 184:889.219   Found Cortex-M3 r2p0, Little endian.
T246C 184:889.733   -- Max. mem block: 0x00001F48
T246C 184:889.755   CPU_ReadMem(4 bytes @ 0xE000EDF0)
T246C 184:890.884   CPU_ReadMem(4 bytes @ 0xE0002000)
T246C 184:892.225   FPUnit: 6 code (BP) slots and 2 literal slots
T246C 184:892.243   CPU_ReadMem(4 bytes @ 0xE000EDFC)
T246C 184:893.480   CPU_ReadMem(4 bytes @ 0xE0001000)
T246C 184:894.302   CPU_ReadMem(4 bytes @ 0xE000ED88)
T246C 184:895.563   CPU_WriteMem(4 bytes @ 0xE000ED88)
T246C 184:896.255   CPU_ReadMem(4 bytes @ 0xE000ED88)
T246C 184:897.009   CPU_WriteMem(4 bytes @ 0xE000ED88)
T246C 184:897.881   CoreSight components:
T246C 184:897.932   ROMTbl[0] @ E00FF000
T246C 184:897.946   CPU_ReadMem(64 bytes @ 0xE00FF000)
T246C 184:899.856   CPU_ReadMem(32 bytes @ 0xE000EFE0)
T246C 184:901.309   ROMTbl[0][0]: E000E000, CID: B105E00D, PID: 002BB000 SCS
T246C 184:901.326   CPU_WriteMem(4 bytes @ 0xE0001000)
T246C 184:902.572   CPU_ReadMem(32 bytes @ 0xE0001FE0)
T246C 184:904.227   ROMTbl[0][1]: E0001000, CID: B105E00D, PID: 002BB002 DWT
T246C 184:904.257   CPU_ReadMem(32 bytes @ 0xE0002FE0)
T246C 184:905.368   ROMTbl[0][2]: E0002000, CID: B105E00D, PID: 002BB003 FPB
T246C 184:905.464   CPU_ReadMem(32 bytes @ 0xE0000FE0)
T246C 184:906.774   ROMTbl[0][3]: E0000000, CID: B105E00D, PID: 002BB001 ITM
T246C 184:906.806   CPU_ReadMem(32 bytes @ 0xE0040FE0)
T246C 184:907.956   ROMTbl[0][4]: E0040000, CID: B105900D, PID: 002BB923 TPIU-Lite
T246C 184:907.993   JLINK_Reset()
T246C 184:908.790     CPU_ReadMem(16 bytes @ 0x20000000)
T246C 184:910.135     CPU_WriteMem(16 bytes @ 0x20000000)
T246C 184:911.337     CPU_ReadMem(4 bytes @ 0xE000EDFC)
T246C 184:912.582     CPU_WriteMem(4 bytes @ 0xE000EDFC)
T246C 184:913.818     CPU_ReadMem(4 bytes @ 0xE0001000)
T246C 184:915.291     CPU_WriteMem(4 bytes @ 0xE0001004)
T246C 184:934.441     CPU_WriteMem(4 bytes @ 0xE000ED0C)
T246C 184:935.537     CPU_ReadMem(4 bytes @ 0xE000EDF0)
T246C 184:937.066     CPU_ReadMem(4 bytes @ 0xE000EDF0)
T246C 184:938.389     CPU_WriteMem(4 bytes @ 0xE000EDFC)
T246C 184:939.647     CPU_WriteMem(16 bytes @ 0x20000000)
T246C 184:945.828     CPU_WriteMem(4 bytes @ 0xE0002000)
T246C 184:947.064     CPU_ReadMem(4 bytes @ 0xE000EDFC)
T246C 184:948.613     CPU_ReadMem(4 bytes @ 0xE0001000)
T246C 184:949.833   - 41.873ms
T246C 184:949.884   JLINK_Go()
T246C 184:949.910     CPU_ReadMem(4 bytes @ 0xE0001000)
T246C 184:951.140     CPU_WriteMem(4 bytes @ 0xE0001004)
T246C 184:952.993   - 3.143ms
T246C 184:953.038 - 115.435ms
T246C 184:953.515 JLINK_TIF_Select(JLINKARM_TIF_JTAG)
T246C 184:953.538 - 0.031ms returns 0x00
T246C 184:953.560 JLINK_ConfigJTAG(IRPre = 0, DRPre = 0)
T246C 184:953.575 - 0.023ms
T246C 184:953.595 JLINK_SetSpeed(4000)
T246C 184:953.889 - 0.307ms
T246C 184:953.918 JLINK_ResetPullsRESET(OFF)
T246C 184:953.933 - 0.023ms
T246C 184:953.952 JLINK_Connect()
T246C 184:957.205   TotalIRLen = 4, IRPrint = 0x01
T246C 184:959.313   JTAG chain detection found 1 devices:
T246C 184:959.388    #0 Id: 0x4BA00477, IRLen: 04, CoreSight JTAG-DP
T246C 184:971.665   Old FW that does not support reading DPIDR via DAP jobs
T246C 184:983.119   DPv0 detected
T246C 184:983.148   AP map detection skipped. Manually configured AP map found.
T246C 184:983.168   AP[0]: AHB-AP (IDR: Not set)
T246C 184:998.316   AP[0]: Core found
T246C 184:998.353   AP[0]: AHB-AP ROM base: 0xE00FF000
T246C 185:005.757   CPUID register: 0x412FC230. Implementer code: 0x41 (ARM)
T246C 185:005.782   Found Cortex-M3 r2p0, Little endian.
T246C 185:006.357   -- Max. mem block: 0x00001F48
T246C 185:006.378   CPU_ReadMem(4 bytes @ 0xE000EDF0)
T246C 185:007.521   CPU_ReadMem(4 bytes @ 0xE0002000)
T246C 185:008.785   FPUnit: 6 code (BP) slots and 2 literal slots
T246C 185:008.803   CPU_ReadMem(4 bytes @ 0xE000EDFC)
T246C 185:009.629   CPU_ReadMem(4 bytes @ 0xE0001000)
T246C 185:010.891   CPU_WriteMem(4 bytes @ 0xE0001000)
T246C 185:012.134   CPU_ReadMem(4 bytes @ 0xE000ED88)
T246C 185:012.952   CPU_WriteMem(4 bytes @ 0xE000ED88)
T246C 185:013.609   CPU_ReadMem(4 bytes @ 0xE000ED88)
T246C 185:014.523   CPU_WriteMem(4 bytes @ 0xE000ED88)
T246C 185:015.777   CoreSight components:
T246C 185:015.802   ROMTbl[0] @ E00FF000
T246C 185:015.815   CPU_ReadMem(64 bytes @ 0xE00FF000)
T246C 185:017.249   CPU_ReadMem(32 bytes @ 0xE000EFE0)
T246C 185:018.680   ROMTbl[0][0]: E000E000, CID: B105E00D, PID: 002BB000 SCS
T246C 185:018.698   CPU_ReadMem(32 bytes @ 0xE0001FE0)
T246C 185:019.989   ROMTbl[0][1]: E0001000, CID: B105E00D, PID: 002BB002 DWT
T246C 185:020.006   CPU_ReadMem(32 bytes @ 0xE0002FE0)
T246C 185:021.442   ROMTbl[0][2]: E0002000, CID: B105E00D, PID: 002BB003 FPB
T246C 185:021.462   CPU_ReadMem(32 bytes @ 0xE0000FE0)
T246C 185:022.767   ROMTbl[0][3]: E0000000, CID: B105E00D, PID: 002BB001 ITM
T246C 185:022.787   CPU_ReadMem(32 bytes @ 0xE0040FE0)
T246C 185:024.075   ROMTbl[0][4]: E0040000, CID: B105900D, PID: 002BB923 TPIU-Lite
T246C 185:024.097 - 70.149ms returns 0x00
T246C 185:024.134 JLINK_Halt()
T246C 185:028.670 - 4.559ms returns 0x00
T246C 185:028.854 JLINK_BeginDownload(Flags = 0x00000000)
T246C 185:028.868 - 0.017ms
T246C 185:028.895 JLINK_WriteMem(0x400E0A04, 0x4 Bytes, ...)
T246C 185:028.911   Data:  0B 01 00 5A
T246C 185:029.584   CPU_WriteMem(4 bytes @ 0x400E0A04)
T246C 185:030.653 - 1.767ms returns 0x4
T246C 185:030.703 JLINK_EndDownload()
T246C 185:030.715 - 0.015ms returns 0 (0x0)
T246C 185:030.725 JLINK_ReadMemHW(0x400E0A08, 0x0004 Bytes, ...)
T246C 185:030.736   CPU_ReadMem(4 bytes @ 0x400E0A08)
T246C 185:031.485   Data:  01 00 00 00
T246C 185:031.501 - 0.780ms returns 0
T246C 185:031.536 JLINK_SetResetType(JLINKARM_CM3_RESET_TYPE_NORMAL)
T246C 185:031.545 - 0.012ms returns JLINKARM_CM3_RESET_TYPE_NORMAL
T246C 185:031.554 JLINK_Reset()
T246C 185:031.568   CPU_ReadMem(16 bytes @ 0x20000000)
T246C 185:032.917   CPU_WriteMem(16 bytes @ 0x20000000)
T246C 185:034.187   CPU_ReadMem(4 bytes @ 0xE000EDFC)
T246C 185:035.500   CPU_WriteMem(4 bytes @ 0xE000EDFC)
T246C 185:036.697   CPU_ReadMem(4 bytes @ 0xE0001000)
T246C 185:055.015   CPU_WriteMem(4 bytes @ 0xE000ED0C)
T246C 185:056.258   CPU_ReadMem(4 bytes @ 0xE000EDF0)
T246C 185:057.614   CPU_ReadMem(4 bytes @ 0xE000EDF0)
T246C 185:058.851   CPU_WriteMem(4 bytes @ 0xE000EDFC)
T246C 185:059.998   CPU_WriteMem(16 bytes @ 0x20000000)
T246C 185:065.857   CPU_WriteMem(4 bytes @ 0xE0002000)
T246C 185:067.090   CPU_ReadMem(4 bytes @ 0xE000EDFC)
T246C 185:068.654   CPU_ReadMem(4 bytes @ 0xE0001000)
T246C 185:069.910 - 38.385ms
T246C 185:071.923 JLINK_JTAG_GetDeviceID(DeviceIndex = 0)
T246C 185:071.955 - 0.041ms returns 1268778103
T246C 185:071.978 JLINK_ReadMemU32(0x400E0740, 0x1 Items)
T246C 185:072.012   CPU_ReadMem(4 bytes @ 0x400E0740)
T246C 185:073.319   Data:  61 05 99 28
T246C 185:073.354 - 1.384ms returns 1 (0x1)
T246C 185:073.419 JLINK_ReadMemU32(0x400E0744, 0x1 Items)
T246C 185:073.448   CPU_ReadMem(4 bytes @ 0x400E0744)
T246C 185:074.548   Data:  00 00 00 00
T246C 185:074.586 - 1.175ms returns 1 (0x1)
T1218 185:081.229 JLINK_IsHalted()
T1218 185:081.252 - 0.026ms returns TRUE
T1218 185:081.281 JLINK_GetMOEs(...)
T1218 185:081.303   CPU_ReadMem(4 bytes @ 0xE000ED30)
T1218 185:082.085 - 0.819ms returns 0x01
T1218 185:082.111 JLINK_ReadReg(R15 (PC))
T1218 185:082.125 - 0.018ms returns 0xFFFFFFFE
T246C 185:094.145 JLINK_BeginDownload(Flags = 0x00000000)
T246C 185:094.175 - 0.033ms
T246C 185:094.211 JLINK_WriteMem(0x00400000, 0x475C Bytes, ...)
T246C 185:094.260   Data:  20 36 00 20 25 08 40 00 23 08 40 00 23 08 40 00 ...
T246C 185:094.562   completely In flash
T246C 185:094.600    -- Read from flash cache (18268 bytes @ 0x00400000)
T246C 185:094.614 - 0.406ms returns 0x475C
T246C 185:094.826 JLINK_WriteMem(0x0040475C, 0x96C Bytes, ...)
T246C 185:094.839   Data:  BF F3 5F 8F 01 38 FB D1 70 47 00 00 4F F4 40 72 ...
T246C 185:094.854   completely In flash
T246C 185:094.869    -- Read from flash cache (2412 bytes @ 0x0040475C)
T246C 185:094.880 - 0.057ms returns 0x96C
T1218 185:284.290 JLINK_IsHalted()
T1218 185:284.318 - 0.032ms returns TRUE
T246C 185:284.964 JLINK_EndDownload()
T246C 185:285.592   Old firmware which does not support pausing periodic actions during flash download
T246C 185:285.616   CPU_ReadMem(4 bytes @ 0xE000ED90)
T246C 185:286.922   CPU_ReadMem(4 bytes @ 0xE000ED94)
T246C 185:288.015    -- --------------------------------------
T246C 185:288.044   Flash bank @ 0x00400000: Default: L2 verify disabled because algorithm performs L1 verify
T246C 185:288.055    -- Start of determining dirty areas in flash cache
T246C 185:288.088    -- End of determining dirty areas
T246C 185:288.100    -- Start of preparing flash programming
T246C 185:288.111    -- Calculating RAM usage
T246C 185:288.125    -- RAM usage = 3716 Bytes
T246C 185:288.136    -- Preserving CPU registers
T246C 185:288.162    -- Preparing memory
T246C 185:288.174    -- Preparing target
T246C 185:292.689    -- Preserving target RAM temporarily used for programming
T246C 185:315.542    -- Downloading RAMCode
T246C 185:337.936    -- Preparing RAMCode
T246C 185:349.355    -- Checking target RAM
T246C 185:356.824    -- End of preparing flash programming
T246C 185:357.140   Looking for J-Link GUI Server exe at: C:\Program Files (x86)\Atmel\Studio\7.0\atbackend\JLinkGUIServer.exe
T246C 185:357.413   Looking for J-Link GUI Server exe at: \JLinkGUIServer.exe
T246C 185:658.735   Failed to connect to J-Link GUI Server.
T246C 185:670.251    -- CPU speed could not be measured.
T246C 185:670.276    -- Start of comparing flash
T246C 185:670.288    -- CRC check was estimated as fastest method
T246C 185:670.302    -- Comparing range 0x400000 - 0x4050FF (81 Sectors, 20 KiB), using multi-block CRC calculation
T246C 185:706.122    -- CRC does not match for sectors 0-80
T246C 185:706.174    -- End of comparing flash
T246C 185:706.199    -- Start of erasing sectors
T246C 185:706.223    -- End of erasing sectors
T246C 185:706.246    -- Start of flash programming
T246C 185:706.272    -- Programming range 0x00400000 - 0x004050FF ( 81 Sectors, 20 KB)
T246C 185:927.872    -- End of flash programming
T246C 185:927.925    -- 0x400000 - 0x4050FF ( 81 Sectors, 20 KoB)
T246C 185:927.951    -- Start of restoring
T246C 185:927.976    -- Restoring RAMCode
T246C 185:947.242    -- Restoring target memory
T246C 185:978.749    -- Restore target
T246C 185:978.802    -- Restore memory
T246C 185:978.825    -- Restoring CPU registers
T246C 185:978.873    -- End of restoring
T246C 185:978.965    -- Bank 0 @ 0x00400000: 1 range affected (20736 bytes)
T246C 185:979.016    -- Total: 0.690s (Prepare: 0.382s, Compare: 0.035s, Erase: 0.000s, Program & Verify: 0.235s, Restore: 0.037s)
T246C 185:979.062    -- Program & Verify speed: 86 KiB/s
T246C 185:983.132 - 698.185ms returns 20736 (0x5100)
T246C 185:983.946 JLINK_ResetPullsRESET(ON)
T246C 185:983.959 - 0.017ms
T246C 185:983.969 JLINK_ResetNoHalt()
T246C 185:986.657   TotalIRLen = 4, IRPrint = 0x01
T246C 185:988.138   JTAG chain detection found 1 devices:
T246C 185:988.163    #0 Id: 0x4BA00477, IRLen: 04, CoreSight JTAG-DP
T246C 186:000.166   Old FW that does not support reading DPIDR via DAP jobs
T246C 186:011.609   DPv0 detected
T246C 186:011.644   AP map detection skipped. Manually configured AP map found.
T246C 186:011.664   AP[0]: AHB-AP (IDR: Not set)
T246C 186:027.297   AP[0]: Core found
T246C 186:027.336   AP[0]: AHB-AP ROM base: 0xE00FF000
T246C 186:034.824   CPUID register: 0x412FC230. Implementer code: 0x41 (ARM)
T246C 186:034.951   Found Cortex-M3 r2p0, Little endian.
T246C 186:035.457   -- Max. mem block: 0x00001F48
T246C 186:035.480   CPU_ReadMem(4 bytes @ 0xE000EDF0)
T246C 186:036.502   CPU_ReadMem(4 bytes @ 0xE0002000)
T246C 186:037.282   FPUnit: 6 code (BP) slots and 2 literal slots
T246C 186:037.297   CPU_ReadMem(4 bytes @ 0xE000EDFC)
T246C 186:038.016   CPU_ReadMem(4 bytes @ 0xE0001000)
T246C 186:038.803   CPU_ReadMem(4 bytes @ 0xE000ED88)
T246C 186:039.589   CPU_WriteMem(4 bytes @ 0xE000ED88)
T246C 186:040.234   CPU_ReadMem(4 bytes @ 0xE000ED88)
T246C 186:041.124   CPU_WriteMem(4 bytes @ 0xE000ED88)
T246C 186:041.723   CoreSight components:
T246C 186:041.746   ROMTbl[0] @ E00FF000
T246C 186:041.774   CPU_ReadMem(64 bytes @ 0xE00FF000)
T246C 186:043.293   CPU_ReadMem(32 bytes @ 0xE000EFE0)
T246C 186:044.746   ROMTbl[0][0]: E000E000, CID: B105E00D, PID: 002BB000 SCS
T246C 186:044.764   CPU_WriteMem(4 bytes @ 0xE0001000)
T246C 186:045.786   CPU_ReadMem(32 bytes @ 0xE0001FE0)
T246C 186:046.816   ROMTbl[0][1]: E0001000, CID: B105E00D, PID: 002BB002 DWT
T246C 186:046.833   CPU_ReadMem(32 bytes @ 0xE0002FE0)
T246C 186:048.164   ROMTbl[0][2]: E0002000, CID: B105E00D, PID: 002BB003 FPB
T246C 186:048.205   CPU_ReadMem(32 bytes @ 0xE0000FE0)
T246C 186:049.572   ROMTbl[0][3]: E0000000, CID: B105E00D, PID: 002BB001 ITM
T246C 186:049.777   CPU_ReadMem(32 bytes @ 0xE0040FE0)
T246C 186:050.760   ROMTbl[0][4]: E0040000, CID: B105900D, PID: 002BB923 TPIU-Lite
T246C 186:050.799   JLINK_Reset()
T246C 186:052.348     CPU_ReadMem(16 bytes @ 0x20000000)
T246C 186:053.660     CPU_WriteMem(16 bytes @ 0x20000000)
T246C 186:054.842     CPU_ReadMem(4 bytes @ 0xE000EDFC)
T246C 186:056.197     CPU_WriteMem(4 bytes @ 0xE000EDFC)
T246C 186:057.444     CPU_ReadMem(4 bytes @ 0xE0001000)
T246C 186:077.927     CPU_WriteMem(4 bytes @ 0xE000ED0C)
T246C 186:079.103     CPU_ReadMem(4 bytes @ 0xE000EDF0)
T246C 186:080.243     CPU_ReadMem(4 bytes @ 0xE000EDF0)
T246C 186:081.579     CPU_WriteMem(4 bytes @ 0xE000EDFC)
T246C 186:082.885     CPU_WriteMem(16 bytes @ 0x20000000)
T246C 186:088.640     CPU_WriteMem(4 bytes @ 0xE0002000)
T246C 186:090.097     CPU_ReadMem(4 bytes @ 0xE000EDFC)
T246C 186:091.468     CPU_ReadMem(4 bytes @ 0xE0001000)
T246C 186:092.786   - 42.007ms
T246C 186:092.820   JLINK_Go()
T246C 186:092.833     CPU_ReadMem(4 bytes @ 0xE0001000)
T246C 186:094.122     CPU_WriteMem(4 bytes @ 0xE0001004)
T246C 186:096.919   - 4.119ms
T246C 186:096.945 - 112.979ms
T246C 186:111.172 JLINK_Close()
T246C 186:133.627 - 22.500ms
T246C 186:133.679   
T246C 186:133.687   Closed
